\BOOKMARK [1][]{section.1}{\376\377\0001\000\040\000[\000r\000g\000b\000]\0000\000.\0002\000,\0000\000.\0004\000,\0000\000.\0006\122\115\212\000}{}% 1
\BOOKMARK [2][]{subsection.1.1}{\376\377\0001\000.\0001\000\040\131\064\145\207\116\366}{section.1}% 2
\BOOKMARK [1][]{section.2}{\376\377\0002\000\040\000[\000r\000g\000b\000]\0000\000.\0002\000,\0000\000.\0004\000,\0000\000.\0006\121\375\145\160}{}% 3
\BOOKMARK [2][]{subsection.2.1}{\376\377\0002\000.\0001\000\040\133\127\202\202\136\217\217\154\143\142\121\375\145\160}{section.2}% 4
\BOOKMARK [2][]{subsection.2.2}{\376\377\0002\000.\0002\000\040\133\127\202\202\144\315\117\134\121\375\145\160}{section.2}% 5
\BOOKMARK [2][]{subsection.2.3}{\376\377\0002\000.\0003\000\040\127\060\127\100\217\154\143\142\121\375\145\160}{section.2}% 6
\BOOKMARK [2][]{subsection.2.4}{\376\377\0002\000.\0004\000\040\000s\000o\000c\000k\000e\000t}{section.2}% 7
\BOOKMARK [2][]{subsection.2.5}{\376\377\0002\000.\0005\000\040\000c\000o\000n\000n\000e\000c\000t}{section.2}% 8
\BOOKMARK [2][]{subsection.2.6}{\376\377\0002\000.\0006\000\040\000b\000i\000n\000d}{section.2}% 9
\BOOKMARK [2][]{subsection.2.7}{\376\377\0002\000.\0007\000\040\000l\000i\000s\000t\000e\000n}{section.2}% 10
\BOOKMARK [2][]{subsection.2.8}{\376\377\0002\000.\0008\000\040\000a\000c\000c\000e\000p\000t}{section.2}% 11
\BOOKMARK [2][]{subsection.2.9}{\376\377\0002\000.\0009\000\040\000c\000l\000o\000s\000e}{section.2}% 12
\BOOKMARK [2][]{subsection.2.10}{\376\377\0002\000.\0001\0000\000\040\000f\000o\000r\000k}{section.2}% 13
\BOOKMARK [2][]{subsection.2.11}{\376\377\0002\000.\0001\0001\000\040\000e\000x\000e\000c}{section.2}% 14
\BOOKMARK [2][]{subsection.2.12}{\376\377\0002\000.\0001\0002\000\040\000g\000e\000t\000s\000o\000c\000k\000n\000a\000m\000e}{section.2}% 15
\BOOKMARK [2][]{subsection.2.13}{\376\377\0002\000.\0001\0003\000\040\000g\000e\000t\000p\000e\000e\000r\000n\000a\000m\000e}{section.2}% 16
\BOOKMARK [2][]{subsection.2.14}{\376\377\0002\000.\0001\0004\000\040\000w\000a\000i\000t}{section.2}% 17
\BOOKMARK [2][]{subsection.2.15}{\376\377\0002\000.\0001\0005\000\040\000w\000a\000i\000t\000p\000i\000d}{section.2}% 18
\BOOKMARK [2][]{subsection.2.16}{\376\377\0002\000.\0001\0006\000\040\000s\000e\000l\000e\000c\000t}{section.2}% 19
\BOOKMARK [2][]{subsection.2.17}{\376\377\0002\000.\0001\0007\000\040\000s\000h\000u\000t\000d\000o\000w\000n}{section.2}% 20
\BOOKMARK [2][]{subsection.2.18}{\376\377\0002\000.\0001\0008\000\040\000p\000s\000e\000l\000e\000c\000t}{section.2}% 21
\BOOKMARK [2][]{subsection.2.19}{\376\377\0002\000.\0001\0009\000\040\000p\000o\000l\000l}{section.2}% 22
\BOOKMARK [2][]{subsection.2.20}{\376\377\0002\000.\0002\0000\000\040\000g\000e\000t\000s\000o\000c\000k\000o\000p\000t}{section.2}% 23
\BOOKMARK [2][]{subsection.2.21}{\376\377\0002\000.\0002\0001\000\040\000s\000e\000t\000s\000o\000c\000k\000o\000p\000t}{section.2}% 24
\BOOKMARK [2][]{subsection.2.22}{\376\377\0002\000.\0002\0002\000\040\000f\000c\000n\000t\000l}{section.2}% 25
\BOOKMARK [2][]{subsection.2.23}{\376\377\0002\000.\0002\0003\000\040\000r\000e\000a\000d\000v}{section.2}% 26
\BOOKMARK [2][]{subsection.2.24}{\376\377\0002\000.\0002\0004\000\040\000w\000r\000i\000t\000e\000v}{section.2}% 27
\BOOKMARK [2][]{subsection.2.25}{\376\377\0002\000.\0002\0005\000\040\000r\000e\000c\000v\000f\000r\000o\000m}{section.2}% 28
\BOOKMARK [2][]{subsection.2.26}{\376\377\0002\000.\0002\0006\000\040\000s\000e\000n\000d\000t\000o}{section.2}% 29
\BOOKMARK [2][]{subsection.2.27}{\376\377\0002\000.\0002\0007\000\040\000r\000e\000c\000v}{section.2}% 30
\BOOKMARK [2][]{subsection.2.28}{\376\377\0002\000.\0002\0008\000\040\000s\000e\000n\000d}{section.2}% 31
\BOOKMARK [2][]{subsection.2.29}{\376\377\0002\000.\0002\0009\000\040\000r\000e\000c\000v\000m\000s\000g}{section.2}% 32
\BOOKMARK [2][]{subsection.2.30}{\376\377\0002\000.\0003\0000\000\040\000s\000e\000n\000d\000m\000s\000g}{section.2}% 33
\BOOKMARK [2][]{subsection.2.31}{\376\377\0002\000.\0003\0001\000\040\000g\000e\000t\000h\000o\000s\000t\000b\000y\000n\000a\000m\000e}{section.2}% 34
\BOOKMARK [2][]{subsection.2.32}{\376\377\0002\000.\0003\0002\000\040\000g\000e\000t\000h\000o\000s\000t\000b\000y\000a\000d\000d\000r}{section.2}% 35
\BOOKMARK [2][]{subsection.2.33}{\376\377\0002\000.\0003\0003\000\040\000g\000e\000t\000s\000e\000r\000v\000b\000y\000n\000a\000m\000e}{section.2}% 36
\BOOKMARK [2][]{subsection.2.34}{\376\377\0002\000.\0003\0004\000\040\000g\000e\000t\000s\000e\000r\000v\000b\000y\000p\000o\000r\000t}{section.2}% 37
\BOOKMARK [2][]{subsection.2.35}{\376\377\0002\000.\0003\0005\000\040\000g\000e\000t\000a\000d\000d\000r\000i\000n\000f\000o}{section.2}% 38
\BOOKMARK [3][]{subsubsection.2.35.1}{\376\377\0002\000.\0003\0005\000.\0001\000\040\000h\000o\000s\000t\000\040\000s\000e\000r\000v}{subsection.2.35}% 39
\BOOKMARK [3][]{subsubsection.2.35.2}{\376\377\0002\000.\0003\0005\000.\0002\000\040\000t\000c\000p\000\040\000c\000o\000n\000n\000e\000c\000t}{subsection.2.35}% 40
\BOOKMARK [3][]{subsubsection.2.35.3}{\376\377\0002\000.\0003\0005\000.\0003\000\040\000t\000c\000p\000\040\000c\000o\000n\000n\000e\000c\000t}{subsection.2.35}% 41
\BOOKMARK [2][]{subsection.2.36}{\376\377\0002\000.\0003\0006\000\040\000g\000a\000i\000\040\000s\000t\000r\000e\000r\000r\000o\000r}{section.2}% 42
\BOOKMARK [2][]{subsection.2.37}{\376\377\0002\000.\0003\0007\000\040\000f\000r\000e\000e\000a\000d\000d\000r\000i\000n\000f\000o}{section.2}% 43
\BOOKMARK [2][]{subsection.2.38}{\376\377\0002\000.\0003\0008\000\040\000g\000e\000t\000n\000a\000m\000e\000i\000n\000f\000o}{section.2}% 44
\BOOKMARK [2][]{subsection.2.39}{\376\377\0002\000.\0003\0009\000\040}{section.2}% 45
\BOOKMARK [1][]{section.3}{\376\377\0003\000\040\000[\000r\000g\000b\000]\0000\000.\0002\000,\0000\000.\0004\000,\0000\000.\0006\117\213\133\120}{}% 46
\BOOKMARK [2][]{subsection.3.1}{\376\377\0003\000.\0001\000\040\145\366\225\364\133\242\142\067\172\357\123\312\147\015\122\241\126\150\172\357}{section.3}% 47
\BOOKMARK [3][]{subsubsection.3.1.1}{\376\377\0003\000.\0001\000.\0001\000\040\133\242\142\067\172\357}{subsection.3.1}% 48
\BOOKMARK [3][]{subsubsection.3.1.2}{\376\377\0003\000.\0001\000.\0002\000\040\147\015\122\241\126\150\172\357}{subsection.3.1}% 49
\BOOKMARK [2][]{subsection.3.2}{\376\377\0003\000.\0002\000\040\117\177\165\050\000s\000e\000l\000e\000c\000t\133\236\163\260\166\204\000e\000c\000h\000o\147\015\122\241\126\150\000\050\000T\000C\000P\123\312\000U\000D\000P\124\014\145\366\145\057\143\001\000\051}{section.3}% 50
\BOOKMARK [3][]{subsubsection.3.2.1}{\376\377\0003\000.\0002\000.\0001\000\040\133\242\142\067\172\357}{subsection.3.2}% 51
\BOOKMARK [3][]{subsubsection.3.2.2}{\376\377\0003\000.\0002\000.\0002\000\040\147\015\122\241\126\150\172\357}{subsection.3.2}% 52
\BOOKMARK [2][]{subsection.3.3}{\376\377\0003\000.\0003\000\040\117\177\165\050\000g\000e\000t\000a\000d\000d\000r\000i\000n\000f\000o\127\372\116\216\000t\000c\000p\133\236\163\260\166\204\145\366\225\364\147\015\122\241\126\150}{section.3}% 53
\BOOKMARK [3][]{subsubsection.3.3.1}{\376\377\0003\000.\0003\000.\0001\000\040\133\242\142\067\172\357}{subsection.3.3}% 54
\BOOKMARK [3][]{subsubsection.3.3.2}{\376\377\0003\000.\0003\000.\0002\000\040\147\015\122\241\126\150\172\357}{subsection.3.3}% 55
\BOOKMARK [2][]{subsection.3.4}{\376\377\0003\000.\0004\000\040\211\302\133\337\000T\000C\000P\226\073\130\136\172\227\123\343}{section.3}% 56
\BOOKMARK [3][]{subsubsection.3.4.1}{\376\377\0003\000.\0004\000.\0001\000\040\133\242\142\067\172\357}{subsection.3.4}% 57
\BOOKMARK [3][]{subsubsection.3.4.2}{\376\377\0003\000.\0004\000.\0002\000\040\147\015\122\241\126\150\172\357}{subsection.3.4}% 58
\BOOKMARK [2][]{subsection.3.5}{\376\377\0003\000.\0005\000\040\000X\000X}{section.3}% 59
\BOOKMARK [3][]{subsubsection.3.5.1}{\376\377\0003\000.\0005\000.\0001\000\040\133\242\142\067\172\357}{subsection.3.5}% 60
\BOOKMARK [3][]{subsubsection.3.5.2}{\376\377\0003\000.\0005\000.\0002\000\040\147\015\122\241\126\150\172\357}{subsection.3.5}% 61
\BOOKMARK [1][]{section.4}{\376\377\0004\000\040\000[\000r\000g\000b\000]\0000\000.\0002\000,\0000\000.\0004\000,\0000\000.\0006\176\323\147\204\117\123}{}% 62
\BOOKMARK [2][]{subsection.4.1}{\376\377\0004\000.\0001\000\040\000n\000e\000t\000i\000n\000e\000t\000/\000i\000n\000.\000h}{section.4}% 63
\BOOKMARK [3][]{subsubsection.4.1.1}{\376\377\0004\000.\0001\000.\0001\000\040\000i\000n\000\040\000a\000d\000d\000r}{subsection.4.1}% 64
\BOOKMARK [3][]{subsubsection.4.1.2}{\376\377\0004\000.\0001\000.\0002\000\040\000s\000o\000c\000k\000a\000d\000d\000r\000\040\000i\000n}{subsection.4.1}% 65
\BOOKMARK [3][]{subsubsection.4.1.3}{\376\377\0004\000.\0001\000.\0003\000\040\000i\000n\0006\000\040\000a\000d\000d\000r}{subsection.4.1}% 66
\BOOKMARK [3][]{subsubsection.4.1.4}{\376\377\0004\000.\0001\000.\0004\000\040\000s\000o\000c\000k\000a\000d\000d\000r\000\040\000i\000n\0006}{subsection.4.1}% 67
\BOOKMARK [2][]{subsection.4.2}{\376\377\0004\000.\0002\000\040\000s\000y\000s\000/\000s\000o\000c\000k\000e\000t\000.\000h}{section.4}% 68
\BOOKMARK [3][]{subsubsection.4.2.1}{\376\377\0004\000.\0002\000.\0001\000\040\000s\000o\000c\000k\000a\000d\000d\000r}{subsection.4.2}% 69
\BOOKMARK [3][]{subsubsection.4.2.2}{\376\377\0004\000.\0002\000.\0002\000\040\000s\000o\000c\000k\000a\000d\000d\000r\000\040\000s\000t\000o\000r\000a\000g\000e}{subsection.4.2}% 70
\BOOKMARK [3][]{subsubsection.4.2.3}{\376\377\0004\000.\0002\000.\0003\000\040\000i\000o\000v\000e\000c}{subsection.4.2}% 71
\BOOKMARK [3][]{subsubsection.4.2.4}{\376\377\0004\000.\0002\000.\0004\000\040\000m\000s\000g\000h\000d\000r}{subsection.4.2}% 72
\BOOKMARK [2][]{subsection.4.3}{\376\377\0004\000.\0003\000\040\000n\000e\000t\000d\000b\000.\000h}{section.4}% 73
\BOOKMARK [3][]{subsubsection.4.3.1}{\376\377\0004\000.\0003\000.\0001\000\040\000h\000o\000s\000t\000e\000n\000t}{subsection.4.3}% 74
\BOOKMARK [3][]{subsubsection.4.3.2}{\376\377\0004\000.\0003\000.\0002\000\040\000s\000e\000r\000v\000e\000n\000t}{subsection.4.3}% 75
\BOOKMARK [3][]{subsubsection.4.3.3}{\376\377\0004\000.\0003\000.\0003\000\040\000a\000d\000d\000r\000i\000n\000f\000o}{subsection.4.3}% 76
