\BOOKMARK [1][]{section.1}{\376\377\0001\000\040\000[\000r\000g\000b\000]\0000\000.\0002\000,\0000\000.\0004\000,\0000\000.\0006\173\054\116\000\172\340\000\040\000I\000O\155\101}{}% 1
\BOOKMARK [2][]{subsection.1.1}{\376\377\0001\000.\0001\000\040\000o\000p\000e\000n}{section.1}% 2
\BOOKMARK [2][]{subsection.1.2}{\376\377\0001\000.\0002\000\040\000o\000p\000e\000n\000a\000t}{section.1}% 3
\BOOKMARK [2][]{subsection.1.3}{\376\377\0001\000.\0003\000\040\000f\000c\000n\000t\000l}{section.1}% 4
\BOOKMARK [2][]{subsection.1.4}{\376\377\0001\000.\0004\000\040\000o\000p\000e\000n}{section.1}% 5
\BOOKMARK [2][]{subsection.1.5}{\376\377\0001\000.\0005\000\040\000o\000p\000e\000n\000a\000t}{section.1}% 6
\BOOKMARK [2][]{subsection.1.6}{\376\377\0001\000.\0006\000\040\000c\000l\000o\000s\000e}{section.1}% 7
\BOOKMARK [2][]{subsection.1.7}{\376\377\0001\000.\0007\000\040\000r\000e\000a\000d}{section.1}% 8
\BOOKMARK [2][]{subsection.1.8}{\376\377\0001\000.\0008\000\040\000a\000i\000o\000\137\000r\000e\000a\000d}{section.1}% 9
\BOOKMARK [2][]{subsection.1.9}{\376\377\0001\000.\0009\000\040\000w\000r\000i\000t\000e}{section.1}% 10
\BOOKMARK [2][]{subsection.1.10}{\376\377\0001\000.\0001\0000\000\040\000l\000s\000e\000e\000k}{section.1}% 11
\BOOKMARK [2][]{subsection.1.11}{\376\377\0001\000.\0001\0001\000\040\000f\000c\000n\000t\000l}{section.1}% 12
\BOOKMARK [2][]{subsection.1.12}{\376\377\0001\000.\0001\0002\000\040\000d\000u\000p\0002}{section.1}% 13
\BOOKMARK [2][]{subsection.1.13}{\376\377\0001\000.\0001\0003\000\040\000p\000r\000e\000a\000d}{section.1}% 14
\BOOKMARK [2][]{subsection.1.14}{\376\377\0001\000.\0001\0004\000\040\000p\000w\000r\000i\000t\000e}{section.1}% 15
\BOOKMARK [2][]{subsection.1.15}{\376\377\0001\000.\0001\0005\000\040\000r\000e\000a\000d\000v}{section.1}% 16
\BOOKMARK [2][]{subsection.1.16}{\376\377\0001\000.\0001\0006\000\040\000w\000r\000i\000t\000e\000v}{section.1}% 17
\BOOKMARK [2][]{subsection.1.17}{\376\377\0001\000.\0001\0007\000\040\000t\000r\000u\000n\000c\000a\000t\000e}{section.1}% 18
\BOOKMARK [2][]{subsection.1.18}{\376\377\0001\000.\0001\0008\000\040\000f\000t\000r\000u\000n\000c\000a\000t\000e}{section.1}% 19
\BOOKMARK [2][]{subsection.1.19}{\376\377\0001\000.\0001\0009\000\040\000m\000k\000s\000t\000e\000m\000p}{section.1}% 20
\BOOKMARK [2][]{subsection.1.20}{\376\377\0001\000.\0002\0000\000\040\000m\000k\000d\000t\000e\000m\000p}{section.1}% 21
\BOOKMARK [2][]{subsection.1.21}{\376\377\0001\000.\0002\0001\000\040\000t\000m\000p\000f\000i\000l\000e}{section.1}% 22
\BOOKMARK [1][]{section.2}{\376\377\0002\000\040\000[\000r\000g\000b\000]\0000\000.\0002\000,\0000\000.\0004\000,\0000\000.\0006\163\257\130\203}{}% 23
\BOOKMARK [2][]{subsection.2.1}{\376\377\0002\000.\0001\000\040\000g\000e\000t\000e\000n\000v}{section.2}% 24
\BOOKMARK [2][]{subsection.2.2}{\376\377\0002\000.\0002\000\040\000p\000u\000t\000e\000n\000v}{section.2}% 25
\BOOKMARK [2][]{subsection.2.3}{\376\377\0002\000.\0003\000\040\000s\000e\000t\000e\000n\000v}{section.2}% 26
\BOOKMARK [2][]{subsection.2.4}{\376\377\0002\000.\0004\000\040\000u\000n\000s\000e\000t\000e\000n\000v}{section.2}% 27
\BOOKMARK [2][]{subsection.2.5}{\376\377\0002\000.\0005\000\040\000c\000l\000e\000a\000r\000e\000n\000v}{section.2}% 28
\BOOKMARK [1][]{section.3}{\376\377\0003\000\040\000[\000r\000g\000b\000]\0000\000.\0002\000,\0000\000.\0004\000,\0000\000.\0006\116\373\141\017\215\363\217\154}{}% 29
\BOOKMARK [2][]{subsection.3.1}{\376\377\0003\000.\0001\000\040\000s\000e\000t\000j\000m\000p}{section.3}% 30
\BOOKMARK [2][]{subsection.3.2}{\376\377\0003\000.\0002\000\040\000l\000o\000n\000g\000j\000m\000p}{section.3}% 31
\BOOKMARK [1][]{section.4}{\376\377\0004\000\040\000[\000r\000g\000b\000]\0000\000.\0002\000,\0000\000.\0004\000,\0000\000.\0006\130\006\144\315\117\134}{}% 32
\BOOKMARK [2][]{subsection.4.1}{\376\377\0004\000.\0001\000\040\000b\000r\000k}{section.4}% 33
\BOOKMARK [2][]{subsection.4.2}{\376\377\0004\000.\0002\000\040\000s\000b\000r\000k}{section.4}% 34
\BOOKMARK [2][]{subsection.4.3}{\376\377\0004\000.\0003\000\040\000b\000r\000k}{section.4}% 35
\BOOKMARK [2][]{subsection.4.4}{\376\377\0004\000.\0004\000\040\000m\000a\000l\000l\000o\000c}{section.4}% 36
\BOOKMARK [2][]{subsection.4.5}{\376\377\0004\000.\0005\000\040\000c\000a\000l\000l\000o\000c}{section.4}% 37
\BOOKMARK [2][]{subsection.4.6}{\376\377\0004\000.\0006\000\040\000r\000e\000a\000l\000l\000o\000c}{section.4}% 38
\BOOKMARK [2][]{subsection.4.7}{\376\377\0004\000.\0007\000\040\000m\000e\000m\000a\000l\000i\000g\000n}{section.4}% 39
\BOOKMARK [2][]{subsection.4.8}{\376\377\0004\000.\0008\000\040\000a\000l\000l\000o\000c}{section.4}% 40
\BOOKMARK [1][]{section.5}{\376\377\0005\000\040\000[\000r\000g\000b\000]\0000\000.\0002\000,\0000\000.\0004\000,\0000\000.\0006\174\373\176\337\165\050\142\067\145\207\116\366\131\004\164\006}{}% 41
\BOOKMARK [2][]{subsection.5.1}{\376\377\0005\000.\0001\000\040\000g\000e\000t\000p\000w\000n\000a\000m}{section.5}% 42
\BOOKMARK [2][]{subsection.5.2}{\376\377\0005\000.\0002\000\040\000g\000e\000t\000p\000w\000u\000i\000d}{section.5}% 43
\BOOKMARK [2][]{subsection.5.3}{\376\377\0005\000.\0003\000\040\000g\000e\000t\000g\000r\000n\000a\000m}{section.5}% 44
\BOOKMARK [2][]{subsection.5.4}{\376\377\0005\000.\0004\000\040\000g\000e\000t\000g\000r\000g\000i\000d}{section.5}% 45
\BOOKMARK [2][]{subsection.5.5}{\376\377\0005\000.\0005\000\040\000g\000e\000t\000p\000w\000e\000n\000t}{section.5}% 46
\BOOKMARK [2][]{subsection.5.6}{\376\377\0005\000.\0006\000\040\000s\000e\000t\000p\000w\000e\000n\000t}{section.5}% 47
\BOOKMARK [2][]{subsection.5.7}{\376\377\0005\000.\0007\000\040\000e\000n\000d\000p\000w\000e\000n\000t}{section.5}% 48
\BOOKMARK [2][]{subsection.5.8}{\376\377\0005\000.\0008\000\040\000e\000n\000d\000g\000r\000e\000n\000t}{section.5}% 49
\BOOKMARK [2][]{subsection.5.9}{\376\377\0005\000.\0009\000\040\000s\000e\000t\000g\000r\000e\000n\000t}{section.5}% 50
\BOOKMARK [2][]{subsection.5.10}{\376\377\0005\000.\0001\0000\000\040\000g\000e\000t\000g\000r\000e\000n\000t}{section.5}% 51
\BOOKMARK [2][]{subsection.5.11}{\376\377\0005\000.\0001\0001\000\040\000g\000e\000t\000s\000p\000n\000a\000m\000e}{section.5}% 52
\BOOKMARK [2][]{subsection.5.12}{\376\377\0005\000.\0001\0002\000\040\000g\000e\000t\000s\000p\000e\000n\000d}{section.5}% 53
\BOOKMARK [2][]{subsection.5.13}{\376\377\0005\000.\0001\0003\000\040\000s\000e\000t\000s\000p\000e\000n\000t}{section.5}% 54
\BOOKMARK [2][]{subsection.5.14}{\376\377\0005\000.\0001\0004\000\040\000e\000n\000d\000s\000p\000e\000n\000t}{section.5}% 55
\BOOKMARK [2][]{subsection.5.15}{\376\377\0005\000.\0001\0005\000\040\000c\000r\000y\000p\000t}{section.5}% 56
\BOOKMARK [1][]{section.6}{\376\377\0006\000\040\000[\000r\000g\000b\000]\0000\000.\0002\000,\0000\000.\0004\000,\0000\000.\0006\217\333\172\013\165\050\142\067\117\341\140\157}{}% 57
\BOOKMARK [2][]{subsection.6.1}{\376\377\0006\000.\0001\000\040\000g\000e\000t\000l\000o\000g\000i\000n}{section.6}% 58
\BOOKMARK [2][]{subsection.6.2}{\376\377\0006\000.\0002\000\040\000g\000e\000t\000u\000i\000d}{section.6}% 59
\BOOKMARK [2][]{subsection.6.3}{\376\377\0006\000.\0003\000\040\000g\000e\000t\000e\000u\000i\000d}{section.6}% 60
\BOOKMARK [2][]{subsection.6.4}{\376\377\0006\000.\0004\000\040\000g\000e\000t\000g\000i\000d}{section.6}% 61
\BOOKMARK [2][]{subsection.6.5}{\376\377\0006\000.\0005\000\040\000g\000e\000t\000e\000g\000i\000d}{section.6}% 62
\BOOKMARK [2][]{subsection.6.6}{\376\377\0006\000.\0006\000\040\000s\000e\000t\000u\000i\000d}{section.6}% 63
\BOOKMARK [2][]{subsection.6.7}{\376\377\0006\000.\0007\000\040\000s\000e\000t\000g\000i\000d}{section.6}% 64
\BOOKMARK [2][]{subsection.6.8}{\376\377\0006\000.\0008\000\040\000s\000e\000t\000e\000u\000i\000d}{section.6}% 65
\BOOKMARK [2][]{subsection.6.9}{\376\377\0006\000.\0009\000\040\000s\000e\000t\000e\000g\000i\000d}{section.6}% 66
\BOOKMARK [2][]{subsection.6.10}{\376\377\0006\000.\0001\0000\000\040\000s\000e\000t\000r\000e\000u\000i\000d}{section.6}% 67
\BOOKMARK [2][]{subsection.6.11}{\376\377\0006\000.\0001\0001\000\040\000s\000e\000t\000r\000e\000g\000i\000d}{section.6}% 68
\BOOKMARK [2][]{subsection.6.12}{\376\377\0006\000.\0001\0002\000\040\000g\000e\000t\000r\000e\000s\000u\000i\000d}{section.6}% 69
\BOOKMARK [2][]{subsection.6.13}{\376\377\0006\000.\0001\0003\000\040\000g\000e\000t\000r\000e\000s\000g\000i\000d}{section.6}% 70
\BOOKMARK [2][]{subsection.6.14}{\376\377\0006\000.\0001\0004\000\040\000s\000e\000t\000f\000s\000u\000i\000t}{section.6}% 71
\BOOKMARK [2][]{subsection.6.15}{\376\377\0006\000.\0001\0005\000\040\000s\000e\000t\000f\000s\000g\000i\000d}{section.6}% 72
\BOOKMARK [2][]{subsection.6.16}{\376\377\0006\000.\0001\0006\000\040\000g\000e\000t\000g\000r\000o\000u\000p\000s}{section.6}% 73
\BOOKMARK [2][]{subsection.6.17}{\376\377\0006\000.\0001\0007\000\040\000s\000e\000t\000g\000r\000o\000u\000p\000s}{section.6}% 74
\BOOKMARK [1][]{section.7}{\376\377\0007\000\040\000[\000r\000g\000b\000]\0000\000.\0002\000,\0000\000.\0004\000,\0000\000.\0006\145\366\225\364}{}% 75
\BOOKMARK [2][]{subsection.7.1}{\376\377\0007\000.\0001\000\040\000g\000e\000t\000t\000i\000m\000e\000o\000f\000d\000a\000y}{section.7}% 76
\BOOKMARK [2][]{subsection.7.2}{\376\377\0007\000.\0002\000\040\000t\000i\000m\000e}{section.7}% 77
\BOOKMARK [2][]{subsection.7.3}{\376\377\0007\000.\0003\000\040\000c\000t\000i\000m\000e}{section.7}% 78
\BOOKMARK [2][]{subsection.7.4}{\376\377\0007\000.\0004\000\040\000g\000m\000t\000i\000m\000e}{section.7}% 79
\BOOKMARK [2][]{subsection.7.5}{\376\377\0007\000.\0005\000\040\000l\000o\000c\000a\000l\000t\000i\000m\000e}{section.7}% 80
\BOOKMARK [2][]{subsection.7.6}{\376\377\0007\000.\0006\000\040\000m\000k\000t\000i\000m\000e}{section.7}% 81
\BOOKMARK [2][]{subsection.7.7}{\376\377\0007\000.\0007\000\040\000a\000s\000c\000t\000i\000m\000e}{section.7}% 82
\BOOKMARK [2][]{subsection.7.8}{\376\377\0007\000.\0008\000\040\000s\000t\000r\000f\000t\000i\000m\000e}{section.7}% 83
\BOOKMARK [2][]{subsection.7.9}{\376\377\0007\000.\0009\000\040\000s\000t\000r\000p\000t\000i\000m\000e}{section.7}% 84
\BOOKMARK [1][]{section.8}{\376\377\0008\000\040\000[\000r\000g\000b\000]\0000\000.\0002\000,\0000\000.\0004\000,\0000\000.\0006\217\333\172\013\117\030\121\110\176\247}{}% 85
\BOOKMARK [2][]{subsection.8.1}{\376\377\0008\000.\0001\000\040\000n\000i\000c\000e}{section.8}% 86
\BOOKMARK [2][]{subsection.8.2}{\376\377\0008\000.\0002\000\040\000g\000e\000t\000p\000r\000i\000o\000r\000i\000t\000y}{section.8}% 87
\BOOKMARK [2][]{subsection.8.3}{\376\377\0008\000.\0003\000\040\000s\000e\000t\000p\000r\000i\000o\000r\000i\000t\000y}{section.8}% 88
\BOOKMARK [2][]{subsection.8.4}{\376\377\0008\000.\0004\000\040\000t\000i\000m\000e\000s}{section.8}% 89
\BOOKMARK [2][]{subsection.8.5}{\376\377\0008\000.\0005\000\040\000c\000l\000o\000c\000k}{section.8}% 90
\BOOKMARK [1][]{section.9}{\376\377\0009\000\040\000[\000r\000g\000b\000]\0000\000.\0002\000,\0000\000.\0004\000,\0000\000.\0006\174\373\176\337\117\341\140\157}{}% 91
\BOOKMARK [2][]{subsection.9.1}{\376\377\0009\000.\0001\000\040\000s\000y\000s\000c\000o\000n\000f}{section.9}% 92
\BOOKMARK [2][]{subsection.9.2}{\376\377\0009\000.\0002\000\040\000p\000a\000t\000h\000c\000o\000n\000f}{section.9}% 93
\BOOKMARK [2][]{subsection.9.3}{\376\377\0009\000.\0003\000\040\000f\000p\000a\000t\000h\000c\000o\000n\000f}{section.9}% 94
\BOOKMARK [2][]{subsection.9.4}{\376\377\0009\000.\0004\000\040\000u\000n\000a\000m\000e}{section.9}% 95
\BOOKMARK [2][]{subsection.9.5}{\376\377\0009\000.\0005\000\040\000g\000e\000t\000h\000o\000s\000t\000n\000a\000m\000e}{section.9}% 96
\BOOKMARK [1][]{section.10}{\376\377\0001\0000\000\040\000[\000r\000g\000b\000]\0000\000.\0002\000,\0000\000.\0004\000,\0000\000.\0006\000I\000O\177\023\121\262\123\072\213\276\177\156}{}% 97
\BOOKMARK [2][]{subsection.10.1}{\376\377\0001\0000\000.\0001\000\040\000s\000e\000t\000v\000b\000u\000f}{section.10}% 98
\BOOKMARK [2][]{subsection.10.2}{\376\377\0001\0000\000.\0002\000\040\000s\000e\000t\000b\000u\000f}{section.10}% 99
\BOOKMARK [2][]{subsection.10.3}{\376\377\0001\0000\000.\0003\000\040\000s\000e\000t\000b\000u\000f\000f\000e\000r}{section.10}% 100
\BOOKMARK [1][]{section.11}{\376\377\0001\0001\000\040\000[\000r\000g\000b\000]\0000\000.\0002\000,\0000\000.\0004\000,\0000\000.\0006\170\301\166\330\124\014\153\145}{}% 101
\BOOKMARK [2][]{subsection.11.1}{\376\377\0001\0001\000.\0001\000\040\000s\000y\000n\000c}{section.11}% 102
\BOOKMARK [2][]{subsection.11.2}{\376\377\0001\0001\000.\0002\000\040\000f\000s\000y\000n\000c}{section.11}% 103
\BOOKMARK [2][]{subsection.11.3}{\376\377\0001\0001\000.\0003\000\040\000f\000d\000a\000t\000a\000s\000y\000n\000c}{section.11}% 104
\BOOKMARK [2][]{subsection.11.4}{\376\377\0001\0001\000.\0004\000\040\000p\000o\000s\000i\000x\000\137\000f\000a\000d\000v\000i\000s\000e}{section.11}% 105
\BOOKMARK [1][]{section.12}{\376\377\0001\0002\000\040\000[\000r\000g\000b\000]\0000\000.\0002\000,\0000\000.\0004\000,\0000\000.\0006\145\207\116\366\000I\000O}{}% 106
\BOOKMARK [2][]{subsection.12.1}{\376\377\0001\0002\000.\0001\000\040\000f\000o\000p\000e\000n}{section.12}% 107
\BOOKMARK [2][]{subsection.12.2}{\376\377\0001\0002\000.\0002\000\040\000f\000r\000e\000o\000p\000e\000n}{section.12}% 108
\BOOKMARK [2][]{subsection.12.3}{\376\377\0001\0002\000.\0003\000\040\000f\000m\000e\000m\000o\000p\000e\000n}{section.12}% 109
\BOOKMARK [2][]{subsection.12.4}{\376\377\0001\0002\000.\0004\000\040\000f\000i\000l\000e\000n\000o}{section.12}% 110
\BOOKMARK [2][]{subsection.12.5}{\376\377\0001\0002\000.\0005\000\040\000f\000d\000o\000p\000e\000n}{section.12}% 111
\BOOKMARK [2][]{subsection.12.6}{\376\377\0001\0002\000.\0006\000\040\000f\000c\000l\000o\000s\000e}{section.12}% 112
\BOOKMARK [2][]{subsection.12.7}{\376\377\0001\0002\000.\0007\000\040\000g\000e\000t\000c}{section.12}% 113
\BOOKMARK [2][]{subsection.12.8}{\376\377\0001\0002\000.\0008\000\040\000f\000g\000e\000t\000c}{section.12}% 114
\BOOKMARK [2][]{subsection.12.9}{\376\377\0001\0002\000.\0009\000\040\000g\000e\000t\000c\000h\000a\000r}{section.12}% 115
\BOOKMARK [2][]{subsection.12.10}{\376\377\0001\0002\000.\0001\0000\000\040\000u\000n\000g\000e\000t\000c}{section.12}% 116
\BOOKMARK [2][]{subsection.12.11}{\376\377\0001\0002\000.\0001\0001\000\040\000p\000u\000t\000c}{section.12}% 117
\BOOKMARK [2][]{subsection.12.12}{\376\377\0001\0002\000.\0001\0002\000\040\000f\000p\000u\000t\000c}{section.12}% 118
\BOOKMARK [2][]{subsection.12.13}{\376\377\0001\0002\000.\0001\0003\000\040\000p\000u\000t\000c\000h\000a\000r}{section.12}% 119
\BOOKMARK [2][]{subsection.12.14}{\376\377\0001\0002\000.\0001\0004\000\040\000f\000g\000e\000t\000s}{section.12}% 120
\BOOKMARK [2][]{subsection.12.15}{\376\377\0001\0002\000.\0001\0005\000\040\000g\000e\000t\000s}{section.12}% 121
\BOOKMARK [2][]{subsection.12.16}{\376\377\0001\0002\000.\0001\0006\000\040\000f\000p\000u\000t\000s}{section.12}% 122
\BOOKMARK [2][]{subsection.12.17}{\376\377\0001\0002\000.\0001\0007\000\040\000p\000u\000t\000s}{section.12}% 123
\BOOKMARK [2][]{subsection.12.18}{\376\377\0001\0002\000.\0001\0008\000\040\000f\000r\000e\000a\000d}{section.12}% 124
\BOOKMARK [2][]{subsection.12.19}{\376\377\0001\0002\000.\0001\0009\000\040\000f\000w\000r\000i\000t\000e}{section.12}% 125
\BOOKMARK [2][]{subsection.12.20}{\376\377\0001\0002\000.\0002\0000\000\040\000f\000t\000e\000l\000l}{section.12}% 126
\BOOKMARK [2][]{subsection.12.21}{\376\377\0001\0002\000.\0002\0001\000\040\000f\000s\000e\000e\000k}{section.12}% 127
\BOOKMARK [2][]{subsection.12.22}{\376\377\0001\0002\000.\0002\0002\000\040\000f\000e\000r\000r\000o\000r}{section.12}% 128
\BOOKMARK [2][]{subsection.12.23}{\376\377\0001\0002\000.\0002\0003\000\040\000f\000e\000o\000f}{section.12}% 129
\BOOKMARK [2][]{subsection.12.24}{\376\377\0001\0002\000.\0002\0004\000\040\000c\000l\000e\000a\000r\000e\000r\000r}{section.12}% 130
\BOOKMARK [1][]{section.13}{\376\377\0001\0003\000\040\000[\000r\000g\000b\000]\0000\000.\0002\000,\0000\000.\0004\000,\0000\000.\0006\145\207\116\366\174\373\176\337\143\002\217\175}{}% 131
\BOOKMARK [2][]{subsection.13.1}{\376\377\0001\0003\000.\0001\000\040\000m\000o\000u\000n\000t}{section.13}% 132
\BOOKMARK [2][]{subsection.13.2}{\376\377\0001\0003\000.\0002\000\040\000u\000m\000o\000u\000n\000t}{section.13}% 133
\BOOKMARK [2][]{subsection.13.3}{\376\377\0001\0003\000.\0003\000\040\000u\000m\000o\000u\000n\000t\0002}{section.13}% 134
\BOOKMARK [1][]{section.14}{\376\377\0001\0004\000\040\000[\000r\000g\000b\000]\0000\000.\0002\000,\0000\000.\0004\000,\0000\000.\0006\145\207\116\366\117\341\140\157}{}% 135
\BOOKMARK [2][]{subsection.14.1}{\376\377\0001\0004\000.\0001\000\040\000s\000t\000a\000t}{section.14}% 136
\BOOKMARK [2][]{subsection.14.2}{\376\377\0001\0004\000.\0002\000\040\000l\000s\000t\000a\000t}{section.14}% 137
\BOOKMARK [2][]{subsection.14.3}{\376\377\0001\0004\000.\0003\000\040\000f\000s\000t\000a\000t}{section.14}% 138
\BOOKMARK [2][]{subsection.14.4}{\376\377\0001\0004\000.\0004\000\040\000f\000s\000t\000a\000t\000a\000t}{section.14}% 139
\BOOKMARK [1][]{section.15}{\376\377\0001\0005\000\040\000[\000r\000g\000b\000]\0000\000.\0002\000,\0000\000.\0004\000,\0000\000.\0006\145\207\116\366\145\366\225\364\134\136\140\047\146\364\145\071}{}% 140
\BOOKMARK [2][]{subsection.15.1}{\376\377\0001\0005\000.\0001\000\040\000u\000t\000i\000m\000e}{section.15}% 141
\BOOKMARK [2][]{subsection.15.2}{\376\377\0001\0005\000.\0002\000\040\000u\000t\000i\000m\000e\000s}{section.15}% 142
\BOOKMARK [2][]{subsection.15.3}{\376\377\0001\0005\000.\0003\000\040\000f\000u\000t\000i\000m\000e\000s}{section.15}% 143
\BOOKMARK [2][]{subsection.15.4}{\376\377\0001\0005\000.\0004\000\040\000l\000u\000t\000i\000m\000e\000s}{section.15}% 144
\BOOKMARK [2][]{subsection.15.5}{\376\377\0001\0005\000.\0005\000\040\000u\000t\000i\000m\000e\000n\000s\000a\000t}{section.15}% 145
\BOOKMARK [2][]{subsection.15.6}{\376\377\0001\0005\000.\0006\000\040\000f\000u\000t\000i\000m\000e\000n\000s}{section.15}% 146
\BOOKMARK [1][]{section.16}{\376\377\0001\0006\000\040\000[\000r\000g\000b\000]\0000\000.\0002\000,\0000\000.\0004\000,\0000\000.\0006\145\207\116\366\147\103\226\120\123\312\142\100\147\011\200\005}{}% 147
\BOOKMARK [2][]{subsection.16.1}{\376\377\0001\0006\000.\0001\000\040\000c\000h\000o\000w\000n}{section.16}% 148
\BOOKMARK [2][]{subsection.16.2}{\376\377\0001\0006\000.\0002\000\040\000f\000c\000h\000o\000w\000n}{section.16}% 149
\BOOKMARK [2][]{subsection.16.3}{\376\377\0001\0006\000.\0003\000\040\000l\000c\000h\000o\000w\000n}{section.16}% 150
\BOOKMARK [2][]{subsection.16.4}{\376\377\0001\0006\000.\0004\000\040\000f\000c\000h\000o\000w\000n\000a\000t}{section.16}% 151
\BOOKMARK [2][]{subsection.16.5}{\376\377\0001\0006\000.\0005\000\040\000c\000h\000m\000o\000d}{section.16}% 152
\BOOKMARK [2][]{subsection.16.6}{\376\377\0001\0006\000.\0006\000\040\000f\000c\000h\000m\000o\000d}{section.16}% 153
\BOOKMARK [2][]{subsection.16.7}{\376\377\0001\0006\000.\0007\000\040\000f\000c\000h\000m\000o\000d\000a\000t}{section.16}% 154
\BOOKMARK [2][]{subsection.16.8}{\376\377\0001\0006\000.\0008\000\040\000a\000c\000c\000e\000s\000s}{section.16}% 155
\BOOKMARK [2][]{subsection.16.9}{\376\377\0001\0006\000.\0009\000\040\000f\000a\000c\000c\000e\000s\000s\000a\000t}{section.16}% 156
\BOOKMARK [2][]{subsection.16.10}{\376\377\0001\0006\000.\0001\0000\000\040\000s\000e\000t\000x\000a\000t\000t\000r}{section.16}% 157
\BOOKMARK [2][]{subsection.16.11}{\376\377\0001\0006\000.\0001\0001\000\040\000l\000s\000e\000t\000x\000a\000t\000t\000r}{section.16}% 158
\BOOKMARK [2][]{subsection.16.12}{\376\377\0001\0006\000.\0001\0002\000\040\000f\000s\000e\000t\000x\000a\000t\000t\000r}{section.16}% 159
\BOOKMARK [2][]{subsection.16.13}{\376\377\0001\0006\000.\0001\0003\000\040\000g\000e\000t\000x\000a\000t\000t\000r}{section.16}% 160
\BOOKMARK [2][]{subsection.16.14}{\376\377\0001\0006\000.\0001\0004\000\040\000l\000g\000e\000t\000x\000a\000t\000t\000r}{section.16}% 161
\BOOKMARK [2][]{subsection.16.15}{\376\377\0001\0006\000.\0001\0005\000\040\000f\000g\000e\000t\000x\000a\000t\000t\000r}{section.16}% 162
\BOOKMARK [2][]{subsection.16.16}{\376\377\0001\0006\000.\0001\0006\000\040\000r\000e\000m\000o\000v\000e\000x\000a\000t\000t\000e}{section.16}% 163
\BOOKMARK [2][]{subsection.16.17}{\376\377\0001\0006\000.\0001\0007\000\040\000l\000r\000e\000m\000o\000v\000e\000x\000a\000t\000t\000e}{section.16}% 164
\BOOKMARK [2][]{subsection.16.18}{\376\377\0001\0006\000.\0001\0008\000\040\000f\000r\000e\000m\000o\000v\000e\000x\000a\000t\000t\000e}{section.16}% 165
\BOOKMARK [2][]{subsection.16.19}{\376\377\0001\0006\000.\0001\0009\000\040\000l\000i\000s\000t\000x\000a\000t\000t\000r}{section.16}% 166
\BOOKMARK [2][]{subsection.16.20}{\376\377\0001\0006\000.\0002\0000\000\040\000l\000l\000i\000s\000t\000x\000a\000t\000t\000r}{section.16}% 167
\BOOKMARK [2][]{subsection.16.21}{\376\377\0001\0006\000.\0002\0001\000\040\000f\000l\000i\000s\000t\000x\000a\000t\000t\000r}{section.16}% 168
\BOOKMARK [1][]{section.17}{\376\377\0001\0007\000\040\000[\000r\000g\000b\000]\0000\000.\0002\000,\0000\000.\0004\000,\0000\000.\0006\170\154\224\376\143\245\116\016\217\157\224\376\143\245}{}% 169
\BOOKMARK [2][]{subsection.17.1}{\376\377\0001\0007\000.\0001\000\040\000l\000i\000n\000k}{section.17}% 170
\BOOKMARK [2][]{subsection.17.2}{\376\377\0001\0007\000.\0002\000\040\000l\000i\000n\000k\000a\000t}{section.17}% 171
\BOOKMARK [2][]{subsection.17.3}{\376\377\0001\0007\000.\0003\000\040\000u\000n\000l\000i\000n\000k}{section.17}% 172
\BOOKMARK [2][]{subsection.17.4}{\376\377\0001\0007\000.\0004\000\040\000u\000n\000l\000i\000n\000k\000a\000t}{section.17}% 173
\BOOKMARK [2][]{subsection.17.5}{\376\377\0001\0007\000.\0005\000\040\000r\000e\000n\000a\000m\000e}{section.17}% 174
\BOOKMARK [2][]{subsection.17.6}{\376\377\0001\0007\000.\0006\000\040\000r\000e\000n\000a\000m\000e\000a\000t}{section.17}% 175
\BOOKMARK [2][]{subsection.17.7}{\376\377\0001\0007\000.\0007\000\040\000s\000y\000m\000l\000i\000n\000k}{section.17}% 176
\BOOKMARK [2][]{subsection.17.8}{\376\377\0001\0007\000.\0008\000\040\000s\000y\000m\000l\000i\000n\000k\000a\000t}{section.17}% 177
\BOOKMARK [2][]{subsection.17.9}{\376\377\0001\0007\000.\0009\000\040\000r\000e\000a\000d\000l\000i\000n\000k}{section.17}% 178
\BOOKMARK [1][]{section.18}{\376\377\0001\0008\000\040\000[\000r\000g\000b\000]\0000\000.\0002\000,\0000\000.\0004\000,\0000\000.\0006\166\356\137\125\144\315\117\134}{}% 179
\BOOKMARK [2][]{subsection.18.1}{\376\377\0001\0008\000.\0001\000\040\000m\000k\000d\000i\000r}{section.18}% 180
\BOOKMARK [2][]{subsection.18.2}{\376\377\0001\0008\000.\0002\000\040\000m\000k\000d\000i\000r\000a\000t}{section.18}% 181
\BOOKMARK [2][]{subsection.18.3}{\376\377\0001\0008\000.\0003\000\040\000r\000m\000d\000i\000r}{section.18}% 182
\BOOKMARK [2][]{subsection.18.4}{\376\377\0001\0008\000.\0004\000\040\000r\000e\000m\000o\000v\000e}{section.18}% 183
\BOOKMARK [2][]{subsection.18.5}{\376\377\0001\0008\000.\0005\000\040\000o\000p\000e\000n\000d\000i\000r}{section.18}% 184
\BOOKMARK [2][]{subsection.18.6}{\376\377\0001\0008\000.\0006\000\040\000f\000d\000o\000p\000e\000n\000d\000i\000r}{section.18}% 185
\BOOKMARK [2][]{subsection.18.7}{\376\377\0001\0008\000.\0007\000\040\000r\000e\000a\000d\000d\000i\000r}{section.18}% 186
\BOOKMARK [2][]{subsection.18.8}{\376\377\0001\0008\000.\0008\000\040\000r\000e\000w\000i\000n\000d\000d\000i\000r}{section.18}% 187
\BOOKMARK [2][]{subsection.18.9}{\376\377\0001\0008\000.\0009\000\040\000c\000l\000o\000s\000e\000d\000i\000r}{section.18}% 188
\BOOKMARK [2][]{subsection.18.10}{\376\377\0001\0008\000.\0001\0000\000\040\000d\000i\000r\000f\000d}{section.18}% 189
\BOOKMARK [2][]{subsection.18.11}{\376\377\0001\0008\000.\0001\0001\000\040\000n\000f\000t\000w}{section.18}% 190
\BOOKMARK [2][]{subsection.18.12}{\376\377\0001\0008\000.\0001\0002\000\040\000g\000e\000t\000c\000w\000d}{section.18}% 191
\BOOKMARK [2][]{subsection.18.13}{\376\377\0001\0008\000.\0001\0003\000\040\000c\000h\000d\000i\000r}{section.18}% 192
\BOOKMARK [2][]{subsection.18.14}{\376\377\0001\0008\000.\0001\0004\000\040\000f\000c\000h\000d\000i\000r}{section.18}% 193
\BOOKMARK [2][]{subsection.18.15}{\376\377\0001\0008\000.\0001\0005\000\040\000c\000h\000r\000o\000o\000t}{section.18}% 194
\BOOKMARK [2][]{subsection.18.16}{\376\377\0001\0008\000.\0001\0006\000\040\000r\000e\000a\000l\000p\000a\000t\000h}{section.18}% 195
\BOOKMARK [2][]{subsection.18.17}{\376\377\0001\0008\000.\0001\0007\000\040\000d\000i\000r\000n\000a\000m\000e}{section.18}% 196
\BOOKMARK [2][]{subsection.18.18}{\376\377\0001\0008\000.\0001\0008\000\040\000b\000a\000s\000e\000n\000a\000m\000e}{section.18}% 197
\BOOKMARK [1][]{section.19}{\376\377\0001\0009\000\040\000[\000r\000g\000b\000]\0000\000.\0002\000,\0000\000.\0004\000,\0000\000.\0006\117\341\123\367}{}% 198
\BOOKMARK [2][]{subsection.19.1}{\376\377\0001\0009\000.\0001\000\040\000s\000i\000g\000n\000a\000l}{section.19}% 199
\BOOKMARK [2][]{subsection.19.2}{\376\377\0001\0009\000.\0002\000\040\000k\000i\000l\000l}{section.19}% 200
\BOOKMARK [2][]{subsection.19.3}{\376\377\0001\0009\000.\0003\000\040\000r\000a\000i\000s\000e}{section.19}% 201
\BOOKMARK [2][]{subsection.19.4}{\376\377\0001\0009\000.\0004\000\040\000k\000i\000l\000l\000p\000g}{section.19}% 202
\BOOKMARK [2][]{subsection.19.5}{\376\377\0001\0009\000.\0005\000\040\000s\000t\000r\000s\000i\000g\000n\000a\000l}{section.19}% 203
\BOOKMARK [2][]{subsection.19.6}{\376\377\0001\0009\000.\0006\000\040\000p\000s\000i\000g\000n\000a\000l}{section.19}% 204
\BOOKMARK [2][]{subsection.19.7}{\376\377\0001\0009\000.\0007\000\040\000s\000i\000g\000e\000m\000p\000t\000y\000s\000e\000t}{section.19}% 205
\BOOKMARK [2][]{subsection.19.8}{\376\377\0001\0009\000.\0008\000\040\000s\000i\000g\000f\000i\000l\000l\000s\000e\000t}{section.19}% 206
\BOOKMARK [2][]{subsection.19.9}{\376\377\0001\0009\000.\0009\000\040\000s\000i\000g\000a\000d\000d\000s\000e\000t}{section.19}% 207
\BOOKMARK [2][]{subsection.19.10}{\376\377\0001\0009\000.\0001\0000\000\040\000s\000i\000g\000d\000e\000l\000s\000e\000t}{section.19}% 208
\BOOKMARK [2][]{subsection.19.11}{\376\377\0001\0009\000.\0001\0001\000\040\000s\000i\000g\000i\000s\000m\000e\000m\000b\000e\000r}{section.19}% 209
\BOOKMARK [2][]{subsection.19.12}{\376\377\0001\0009\000.\0001\0002\000\040\000s\000i\000g\000a\000n\000d\000s\000e\000t}{section.19}% 210
\BOOKMARK [2][]{subsection.19.13}{\376\377\0001\0009\000.\0001\0003\000\040\000s\000i\000g\000o\000r\000s\000e\000t}{section.19}% 211
\BOOKMARK [2][]{subsection.19.14}{\376\377\0001\0009\000.\0001\0004\000\040\000s\000i\000g\000i\000s\000e\000m\000p\000t\000y\000s\000e\000t}{section.19}% 212
\BOOKMARK [2][]{subsection.19.15}{\376\377\0001\0009\000.\0001\0005\000\040\000s\000i\000g\000p\000r\000o\000c\000m\000a\000s\000k}{section.19}% 213
\BOOKMARK [2][]{subsection.19.16}{\376\377\0001\0009\000.\0001\0006\000\040\000s\000i\000g\000p\000e\000n\000d\000i\000n\000g}{section.19}% 214
\BOOKMARK [2][]{subsection.19.17}{\376\377\0001\0009\000.\0001\0007\000\040\000s\000i\000g\000a\000c\000t\000i\000o\000n}{section.19}% 215
\BOOKMARK [2][]{subsection.19.18}{\376\377\0001\0009\000.\0001\0008\000\040\000p\000a\000u\000s\000e}{section.19}% 216
\BOOKMARK [2][]{subsection.19.19}{\376\377\0001\0009\000.\0001\0009\000\040\000s\000i\000g\000s\000e\000t\000j\000m\000p}{section.19}% 217
\BOOKMARK [2][]{subsection.19.20}{\376\377\0001\0009\000.\0002\0000\000\040\000s\000e\000t\000l\000o\000n\000g\000j\000m\000p}{section.19}% 218
\BOOKMARK [2][]{subsection.19.21}{\376\377\0001\0009\000.\0002\0001\000\040\000a\000b\000o\000r\000t}{section.19}% 219
\BOOKMARK [2][]{subsection.19.22}{\376\377\0001\0009\000.\0002\0002\000\040\000s\000i\000g\000a\000l\000t\000s\000t\000a\000c\000k}{section.19}% 220
\BOOKMARK [2][]{subsection.19.23}{\376\377\0001\0009\000.\0002\0003\000\040\000s\000i\000g\000q\000u\000e\000u\000e}{section.19}% 221
\BOOKMARK [2][]{subsection.19.24}{\376\377\0001\0009\000.\0002\0004\000\040\000s\000i\000g\000s\000u\000s\000p\000e\000n\000d}{section.19}% 222
\BOOKMARK [2][]{subsection.19.25}{\376\377\0001\0009\000.\0002\0005\000\040\000s\000i\000g\000w\000a\000i\000t}{section.19}% 223
\BOOKMARK [2][]{subsection.19.26}{\376\377\0001\0009\000.\0002\0006\000\040\000s\000i\000g\000n\000a\000l\000f\000d}{section.19}% 224
\BOOKMARK [2][]{subsection.19.27}{\376\377\0001\0009\000.\0002\0007\000\040\000s\000i\000g\000h\000o\000l\000d}{section.19}% 225
\BOOKMARK [2][]{subsection.19.28}{\376\377\0001\0009\000.\0002\0008\000\040\000s\000i\000g\000r\000e\000l\000s\000e}{section.19}% 226
\BOOKMARK [2][]{subsection.19.29}{\376\377\0001\0009\000.\0002\0009\000\040\000s\000i\000g\000i\000g\000n\000o\000r\000e}{section.19}% 227
\BOOKMARK [2][]{subsection.19.30}{\376\377\0001\0009\000.\0003\0000\000\040\000s\000i\000g\000b\000l\000o\000c\000k}{section.19}% 228
\BOOKMARK [2][]{subsection.19.31}{\376\377\0001\0009\000.\0003\0001\000\040\000s\000i\000g\000s\000e\000t\000m\000a\000s\000k}{section.19}% 229
\BOOKMARK [2][]{subsection.19.32}{\376\377\0001\0009\000.\0003\0002\000\040\000s\000i\000g\000p\000a\000u\000s\000e}{section.19}% 230
\BOOKMARK [2][]{subsection.19.33}{\376\377\0001\0009\000.\0003\0003\000\040\000s\000i\000g\000m\000a\000s\000k}{section.19}% 231
\BOOKMARK [2][]{subsection.19.34}{\376\377\0001\0009\000.\0003\0004\000\040\000s\000i\000g\000v\000e\000c}{section.19}% 232
\BOOKMARK [2][]{subsection.19.35}{\376\377\0001\0009\000.\0003\0005\000\040\000g\000e\000t\000i\000t\000i\000m\000e\000r}{section.19}% 233
\BOOKMARK [2][]{subsection.19.36}{\376\377\0001\0009\000.\0003\0006\000\040\000s\000e\000t\000i\000t\000i\000m\000e\000r}{section.19}% 234
\BOOKMARK [2][]{subsection.19.37}{\376\377\0001\0009\000.\0003\0007\000\040\000a\000l\000a\000r\000m}{section.19}% 235
\BOOKMARK [2][]{subsection.19.38}{\376\377\0001\0009\000.\0003\0008\000\040\000s\000l\000e\000e\000p}{section.19}% 236
\BOOKMARK [2][]{subsection.19.39}{\376\377\0001\0009\000.\0003\0009\000\040\000n\000a\000n\000o\000s\000l\000e\000e\000p}{section.19}% 237
\BOOKMARK [2][]{subsection.19.40}{\376\377\0001\0009\000.\0004\0000\000\040\000c\000l\000o\000c\000k\000\137\000n\000a\000n\000o\000s\000l\000e\000e\000p}{section.19}% 238
\BOOKMARK [1][]{section.20}{\376\377\0002\0000\000\040\000[\000r\000g\000b\000]\0000\000.\0002\000,\0000\000.\0004\000,\0000\000.\0006\145\366\224\237}{}% 239
\BOOKMARK [2][]{subsection.20.1}{\376\377\0002\0000\000.\0001\000\040\000c\000l\000o\000c\000k\000\137\000g\000e\000t\000t\000i\000m\000e}{section.20}% 240
\BOOKMARK [2][]{subsection.20.2}{\376\377\0002\0000\000.\0002\000\040\000c\000l\000o\000c\000k\000\137\000g\000e\000t\000r\000e\000s}{section.20}% 241
\BOOKMARK [2][]{subsection.20.3}{\376\377\0002\0000\000.\0003\000\040\000c\000l\000o\000c\000k\000\137\000s\000e\000t\000t\000i\000m\000e}{section.20}% 242
\BOOKMARK [1][]{section.21}{\376\377\0002\0001\000\040\000[\000r\000g\000b\000]\0000\000.\0002\000,\0000\000.\0004\000,\0000\000.\0006\217\333\172\013\165\037\142\020}{}% 243
\BOOKMARK [2][]{subsection.21.1}{\376\377\0002\0001\000.\0001\000\040\000f\000o\000r\000k}{section.21}% 244
\BOOKMARK [2][]{subsection.21.2}{\376\377\0002\0001\000.\0002\000\040\000v\000f\000o\000r\000k}{section.21}% 245
\BOOKMARK [2][]{subsection.21.3}{\376\377\0002\0001\000.\0003\000\040\000e\000x\000i\000t}{section.21}% 246
\BOOKMARK [2][]{subsection.21.4}{\376\377\0002\0001\000.\0004\000\040\000\137\000e\000x\000i\000t}{section.21}% 247
\BOOKMARK [2][]{subsection.21.5}{\376\377\0002\0001\000.\0005\000\040\000a\000t\000e\000x\000i\000t}{section.21}% 248
\BOOKMARK [2][]{subsection.21.6}{\376\377\0002\0001\000.\0006\000\040\000w\000a\000i\000t}{section.21}% 249
\BOOKMARK [2][]{subsection.21.7}{\376\377\0002\0001\000.\0007\000\040\000w\000a\000i\000t\000p\000i\000d}{section.21}% 250
\BOOKMARK [2][]{subsection.21.8}{\376\377\0002\0001\000.\0008\000\040\000W\000I\000F\000E\000X\000I\000T\000E\000D}{section.21}% 251
\BOOKMARK [2][]{subsection.21.9}{\376\377\0002\0001\000.\0009\000\040\000W\000I\000F\000S\000I\000G\000N\000A\000L\000E\000D}{section.21}% 252
\BOOKMARK [2][]{subsection.21.10}{\376\377\0002\0001\000.\0001\0000\000\040\000W\000I\000F\000S\000T\000O\000P\000P\000E\000D}{section.21}% 253
\BOOKMARK [2][]{subsection.21.11}{\376\377\0002\0001\000.\0001\0001\000\040\000W\000I\000F\000C\000O\000N\000T\000I\000N\000U\000E\000D}{section.21}% 254
\BOOKMARK [2][]{subsection.21.12}{\376\377\0002\0001\000.\0001\0002\000\040\000w\000a\000i\000t\000i\000d}{section.21}% 255
\BOOKMARK [2][]{subsection.21.13}{\376\377\0002\0001\000.\0001\0003\000\040\000w\000a\000i\000t\0003}{section.21}% 256
\BOOKMARK [2][]{subsection.21.14}{\376\377\0002\0001\000.\0001\0004\000\040\000w\000a\000i\000t\0004}{section.21}% 257
\BOOKMARK [2][]{subsection.21.15}{\376\377\0002\0001\000.\0001\0005\000\040\000e\000x\000e\000c\000v\000e}{section.21}% 258
\BOOKMARK [2][]{subsection.21.16}{\376\377\0002\0001\000.\0001\0006\000\040\000e\000x\000e\000c\000l\000e}{section.21}% 259
\BOOKMARK [2][]{subsection.21.17}{\376\377\0002\0001\000.\0001\0007\000\040\000e\000x\000e\000c\000v\000p}{section.21}% 260
\BOOKMARK [2][]{subsection.21.18}{\376\377\0002\0001\000.\0001\0008\000\040\000e\000x\000e\000c\000l\000p}{section.21}% 261
\BOOKMARK [2][]{subsection.21.19}{\376\377\0002\0001\000.\0001\0009\000\040\000e\000x\000e\000c\000v}{section.21}% 262
\BOOKMARK [2][]{subsection.21.20}{\376\377\0002\0001\000.\0002\0000\000\040\000e\000x\000e\000c\000l}{section.21}% 263
\BOOKMARK [2][]{subsection.21.21}{\376\377\0002\0001\000.\0002\0001\000\040\000f\000e\000x\000e\000c\000v\000e}{section.21}% 264
\BOOKMARK [1][]{section.22}{\376\377\0002\0002\000\040\000[\000r\000g\000b\000]\0000\000.\0002\000,\0000\000.\0004\000,\0000\000.\0006\176\277\172\013}{}% 265
\BOOKMARK [2][]{subsection.22.1}{\376\377\0002\0002\000.\0001\000\040\000p\000t\000h\000r\000e\000a\000d\000\137\000c\000r\000e\000a\000t\000e}{section.22}% 266
\BOOKMARK [2][]{subsection.22.2}{\376\377\0002\0002\000.\0002\000\040\000p\000t\000h\000r\000e\000a\000d\000\137\000e\000x\000i\000t}{section.22}% 267
\BOOKMARK [2][]{subsection.22.3}{\376\377\0002\0002\000.\0003\000\040\000p\000t\000h\000r\000e\000a\000d\000\137\000s\000e\000l\000f}{section.22}% 268
\BOOKMARK [2][]{subsection.22.4}{\376\377\0002\0002\000.\0004\000\040\000p\000t\000h\000r\000e\000a\000d\000\137\000e\000q\000u\000a\000l}{section.22}% 269
\BOOKMARK [2][]{subsection.22.5}{\376\377\0002\0002\000.\0005\000\040\000p\000t\000h\000r\000e\000a\000d\000\137\000j\000o\000i\000n}{section.22}% 270
\BOOKMARK [2][]{subsection.22.6}{\376\377\0002\0002\000.\0006\000\040\000p\000t\000h\000r\000e\000a\000d\000\137\000c\000a\000n\000c\000e\000l}{section.22}% 271
\BOOKMARK [2][]{subsection.22.7}{\376\377\0002\0002\000.\0007\000\040\000p\000t\000h\000r\000e\000a\000d\000\137\000d\000e\000t\000a\000c\000h}{section.22}% 272
\BOOKMARK [2][]{subsection.22.8}{\376\377\0002\0002\000.\0008\000\040\000p\000t\000h\000r\000e\000a\000d\000\137\000a\000t\000t\000r\000\137\000i\000n\000i\000t}{section.22}% 273
\BOOKMARK [2][]{subsection.22.9}{\376\377\0002\0002\000.\0009\000\040\000p\000t\000h\000r\000e\000a\000d\000\137\000a\000t\000t\000r\000\137\000d\000e\000s\000t\000r\000o\000y}{section.22}% 274
\BOOKMARK [2][]{subsection.22.10}{\376\377\0002\0002\000.\0001\0000\000\040\000p\000t\000h\000r\000e\000a\000d\000\137\000a\000t\000t\000r\000\137\000g\000e\000t\000d\000e\000t\000a\000c\000h\000s\000t\000a\000t\000e}{section.22}% 275
\BOOKMARK [2][]{subsection.22.11}{\376\377\0002\0002\000.\0001\0001\000\040\000p\000t\000h\000r\000e\000a\000d\000\137\000a\000t\000t\000r\000\137\000s\000e\000t\000d\000e\000t\000a\000c\000h\000s\000t\000a\000t\000e}{section.22}% 276
\BOOKMARK [2][]{subsection.22.12}{\376\377\0002\0002\000.\0001\0002\000\040\000p\000t\000h\000r\000e\000a\000d\000\137\000a\000t\000t\000r\000\137\000g\000e\000t\000s\000t\000a\000c\000k}{section.22}% 277
\BOOKMARK [2][]{subsection.22.13}{\376\377\0002\0002\000.\0001\0003\000\040\000p\000t\000h\000r\000e\000a\000d\000\137\000a\000t\000t\000r\000\137\000s\000e\000t\000s\000t\000a\000c\000k}{section.22}% 278
\BOOKMARK [2][]{subsection.22.14}{\376\377\0002\0002\000.\0001\0004\000\040\000p\000t\000h\000r\000e\000a\000d\000\137\000a\000t\000t\000r\000\137\000g\000e\000t\000s\000t\000a\000c\000k\000s\000i\000z\000e}{section.22}% 279
\BOOKMARK [2][]{subsection.22.15}{\376\377\0002\0002\000.\0001\0005\000\040\000p\000t\000h\000r\000e\000a\000d\000\137\000a\000t\000t\000r\000\137\000s\000e\000t\000s\000t\000a\000c\000k\000s\000i\000z\000e}{section.22}% 280
\BOOKMARK [2][]{subsection.22.16}{\376\377\0002\0002\000.\0001\0006\000\040\000p\000t\000h\000r\000e\000a\000d\000\137\000a\000t\000t\000r\000\137\000g\000e\000t\000g\000u\000a\000r\000d\000s\000i\000z\000e}{section.22}% 281
\BOOKMARK [2][]{subsection.22.17}{\376\377\0002\0002\000.\0001\0007\000\040\000p\000t\000h\000r\000e\000a\000d\000\137\000a\000t\000t\000r\000\137\000s\000e\000t\000g\000u\000a\000r\000d\000s\000i\000z\000e}{section.22}% 282
\BOOKMARK [2][]{subsection.22.18}{\376\377\0002\0002\000.\0001\0008\000\040\000p\000t\000h\000r\000e\000a\000d\000\137\000m\000u\000t\000e\000x\000\137\000i\000n\000i\000t}{section.22}% 283
\BOOKMARK [2][]{subsection.22.19}{\376\377\0002\0002\000.\0001\0009\000\040\000p\000t\000h\000r\000e\000a\000d\000\137\000m\000u\000t\000e\000x\000\137\000d\000e\000s\000t\000r\000o\000y}{section.22}% 284
\BOOKMARK [2][]{subsection.22.20}{\376\377\0002\0002\000.\0002\0000\000\040\000p\000t\000h\000r\000e\000a\000d\000\137\000m\000u\000t\000e\000x\000\137\000l\000o\000c\000k}{section.22}% 285
\BOOKMARK [2][]{subsection.22.21}{\376\377\0002\0002\000.\0002\0001\000\040\000p\000t\000h\000r\000e\000a\000d\000\137\000m\000u\000t\000e\000x\000\137\000t\000r\000y\000l\000o\000c\000k}{section.22}% 286
\BOOKMARK [2][]{subsection.22.22}{\376\377\0002\0002\000.\0002\0002\000\040\000p\000t\000h\000r\000e\000a\000d\000\137\000m\000u\000t\000e\000x\000\137\000u\000n\000l\000o\000c\000k}{section.22}% 287
\BOOKMARK [2][]{subsection.22.23}{\376\377\0002\0002\000.\0002\0003\000\040\000p\000t\000h\000r\000e\000a\000d\000\137\000m\000u\000t\000e\000x\000\137\000t\000i\000m\000e\000d\000l\000o\000c\000k}{section.22}% 288
\BOOKMARK [2][]{subsection.22.24}{\376\377\0002\0002\000.\0002\0004\000\040\000p\000t\000h\000r\000e\000a\000d\000\137\000m\000u\000t\000e\000x\000a\000t\000t\000r\000\137\000i\000n\000i\000t}{section.22}% 289
\BOOKMARK [2][]{subsection.22.25}{\376\377\0002\0002\000.\0002\0005\000\040\000p\000t\000h\000r\000e\000a\000d\000\137\000m\000u\000t\000e\000x\000a\000t\000t\000r\000\137\000d\000e\000s\000t\000r\000o\000y}{section.22}% 290
\BOOKMARK [2][]{subsection.22.26}{\376\377\0002\0002\000.\0002\0006\000\040\000p\000t\000h\000r\000e\000a\000d\000\137\000m\000u\000t\000e\000x\000a\000t\000t\000r\000\137\000g\000e\000t\000p\000s\000h\000a\000r\000e\000d}{section.22}% 291
\BOOKMARK [2][]{subsection.22.27}{\376\377\0002\0002\000.\0002\0007\000\040\000p\000t\000h\000r\000e\000a\000d\000\137\000m\000u\000t\000e\000x\000a\000t\000t\000r\000\137\000s\000e\000t\000p\000s\000h\000a\000r\000e\000d}{section.22}% 292
\BOOKMARK [2][]{subsection.22.28}{\376\377\0002\0002\000.\0002\0008\000\040\000p\000t\000h\000r\000e\000a\000d\000\137\000m\000u\000t\000e\000x\000a\000t\000t\000r\000\137\000g\000e\000t\000t\000y\000p\000e}{section.22}% 293
\BOOKMARK [2][]{subsection.22.29}{\376\377\0002\0002\000.\0002\0009\000\040\000p\000t\000h\000r\000e\000a\000d\000\137\000m\000u\000t\000e\000x\000a\000t\000t\000r\000\137\000s\000e\000t\000t\000y\000p\000e}{section.22}% 294
\BOOKMARK [2][]{subsection.22.30}{\376\377\0002\0002\000.\0003\0000\000\040\000p\000t\000h\000r\000e\000a\000d\000\137\000r\000w\000l\000o\000c\000k\000\137\000i\000n\000i\000t}{section.22}% 295
\BOOKMARK [2][]{subsection.22.31}{\376\377\0002\0002\000.\0003\0001\000\040\000p\000t\000h\000r\000e\000a\000d\000\137\000r\000w\000l\000o\000c\000k\000\137\000d\000e\000s\000t\000r\000o\000y}{section.22}% 296
\BOOKMARK [2][]{subsection.22.32}{\376\377\0002\0002\000.\0003\0002\000\040\000p\000t\000h\000r\000e\000a\000d\000\137\000r\000w\000l\000o\000c\000k\000\137\000r\000d\000l\000o\000c\000k}{section.22}% 297
\BOOKMARK [2][]{subsection.22.33}{\376\377\0002\0002\000.\0003\0003\000\040\000p\000t\000h\000r\000e\000a\000d\000\137\000r\000w\000l\000o\000c\000k\000\137\000w\000r\000l\000o\000c\000k}{section.22}% 298
\BOOKMARK [2][]{subsection.22.34}{\376\377\0002\0002\000.\0003\0004\000\040\000p\000t\000h\000r\000e\000a\000d\000\137\000r\000w\000l\000o\000c\000k\000\137\000u\000n\000l\000o\000c\000k}{section.22}% 299
\BOOKMARK [2][]{subsection.22.35}{\376\377\0002\0002\000.\0003\0005\000\040\000p\000t\000h\000r\000e\000a\000d\000\137\000r\000w\000l\000o\000c\000k\000\137\000t\000r\000y\000r\000d\000l\000o\000c\000k}{section.22}% 300
\BOOKMARK [2][]{subsection.22.36}{\376\377\0002\0002\000.\0003\0006\000\040\000p\000t\000h\000r\000e\000a\000d\000\137\000r\000w\000l\000o\000c\000k\000\137\000t\000r\000y\000w\000r\000l\000o\000c\000k}{section.22}% 301
\BOOKMARK [2][]{subsection.22.37}{\376\377\0002\0002\000.\0003\0007\000\040\000p\000t\000h\000r\000e\000a\000d\000\137\000r\000w\000l\000o\000c\000k\000a\000t\000t\000r\000\137\000g\000e\000t\000p\000s\000h\000a\000r\000e\000d}{section.22}% 302
\BOOKMARK [2][]{subsection.22.38}{\376\377\0002\0002\000.\0003\0008\000\040\000p\000t\000h\000r\000e\000a\000d\000\137\000r\000w\000l\000o\000c\000k\000a\000t\000t\000r\000\137\000s\000e\000t\000p\000s\000h\000a\000r\000e\000d}{section.22}% 303
\BOOKMARK [2][]{subsection.22.39}{\376\377\0002\0002\000.\0003\0009\000\040\000p\000t\000h\000r\000e\000a\000d\000\137\000c\000o\000n\000d\000\137\000i\000n\000i\000t}{section.22}% 304
\BOOKMARK [2][]{subsection.22.40}{\376\377\0002\0002\000.\0004\0000\000\040\000p\000t\000h\000r\000e\000a\000d\000\137\000c\000o\000n\000d\000\137\000d\000e\000s\000t\000r\000o\000y}{section.22}% 305
\BOOKMARK [2][]{subsection.22.41}{\376\377\0002\0002\000.\0004\0001\000\040\000p\000t\000h\000r\000e\000a\000d\000\137\000c\000o\000n\000d\000\137\000w\000a\000i\000t}{section.22}% 306
\BOOKMARK [2][]{subsection.22.42}{\376\377\0002\0002\000.\0004\0002\000\040\000p\000t\000h\000r\000e\000a\000d\000\137\000c\000o\000n\000d\000\137\000t\000i\000m\000e\000d\000w\000a\000i\000t}{section.22}% 307
\BOOKMARK [2][]{subsection.22.43}{\376\377\0002\0002\000.\0004\0003\000\040\000p\000t\000h\000r\000e\000a\000d\000\137\000c\000o\000n\000d\000\137\000s\000i\000g\000n\000a\000l}{section.22}% 308
\BOOKMARK [2][]{subsection.22.44}{\376\377\0002\0002\000.\0004\0004\000\040\000p\000t\000h\000r\000e\000a\000d\000\137\000c\000o\000n\000d\000\137\000b\000r\000o\000a\000d\000c\000a\000s\000t}{section.22}% 309
\BOOKMARK [2][]{subsection.22.45}{\376\377\0002\0002\000.\0004\0005\000\040\000p\000t\000h\000r\000e\000a\000d\000\137\000o\000n\000c\000e}{section.22}% 310
\BOOKMARK [2][]{subsection.22.46}{\376\377\0002\0002\000.\0004\0006\000\040\000p\000t\000h\000r\000e\000a\000d\000\137\000c\000o\000n\000d\000a\000t\000t\000r\000\137\000g\000e\000t\000p\000s\000h\000a\000r\000e\000d}{section.22}% 311
\BOOKMARK [2][]{subsection.22.47}{\376\377\0002\0002\000.\0004\0007\000\040\000p\000t\000h\000r\000e\000a\000d\000\137\000c\000o\000n\000d\000a\000t\000t\000r\000\137\000s\000e\000t\000p\000s\000h\000a\000r\000e\000d}{section.22}% 312
\BOOKMARK [2][]{subsection.22.48}{\376\377\0002\0002\000.\0004\0008\000\040\000p\000t\000h\000r\000e\000a\000d\000\137\000k\000e\000y\000\137\000c\000r\000e\000a\000t\000e}{section.22}% 313
\BOOKMARK [2][]{subsection.22.49}{\376\377\0002\0002\000.\0004\0009\000\040\000p\000t\000h\000r\000e\000a\000d\000\137\000s\000e\000t\000s\000p\000e\000c\000i\000f\000i\000c}{section.22}% 314
\BOOKMARK [2][]{subsection.22.50}{\376\377\0002\0002\000.\0005\0000\000\040\000p\000t\000h\000r\000e\000a\000d\000\137\000g\000e\000t\000s\000p\000e\000c\000i\000f\000i\000c}{section.22}% 315
\BOOKMARK [2][]{subsection.22.51}{\376\377\0002\0002\000.\0005\0001\000\040\000p\000t\000h\000r\000e\000a\000d\000\137\000c\000l\000e\000a\000n\000u\000p\000\137\000p\000u\000s\000h}{section.22}% 316
\BOOKMARK [2][]{subsection.22.52}{\376\377\0002\0002\000.\0005\0002\000\040\000p\000t\000h\000r\000e\000a\000d\000\137\000c\000l\000e\000a\000n\000u\000p\000\137\000p\000o\000p}{section.22}% 317
\BOOKMARK [2][]{subsection.22.53}{\376\377\0002\0002\000.\0005\0003\000\040\000p\000t\000h\000r\000e\000a\000d\000\137\000s\000e\000t\000c\000a\000n\000c\000e\000l\000s\000t\000a\000t\000e}{section.22}% 318
\BOOKMARK [2][]{subsection.22.54}{\376\377\0002\0002\000.\0005\0004\000\040\000p\000t\000h\000r\000e\000a\000d\000\137\000s\000e\000t\000c\000a\000n\000c\000e\000l\000t\000y\000p\000e}{section.22}% 319
\BOOKMARK [2][]{subsection.22.55}{\376\377\0002\0002\000.\0005\0005\000\040\000p\000t\000h\000r\000e\000a\000d\000\137\000t\000e\000s\000t\000c\000a\000n\000c\000e\000l}{section.22}% 320
\BOOKMARK [2][]{subsection.22.56}{\376\377\0002\0002\000.\0005\0006\000\040\000p\000t\000h\000r\000e\000a\000d\000\137\000s\000i\000g\000m\000a\000s\000k}{section.22}% 321
\BOOKMARK [2][]{subsection.22.57}{\376\377\0002\0002\000.\0005\0007\000\040\000s\000i\000g\000w\000a\000i\000t}{section.22}% 322
\BOOKMARK [2][]{subsection.22.58}{\376\377\0002\0002\000.\0005\0008\000\040\000p\000t\000h\000r\000e\000a\000d\000\137\000k\000i\000l\000l}{section.22}% 323
\BOOKMARK [2][]{subsection.22.59}{\376\377\0002\0002\000.\0005\0009\000\040\176\277\172\013\116\016\000f\000o\000r\000k\377\032\137\123\176\277\172\013\214\003\165\050\000f\000o\000r\000k\145\366\377\014\134\061\116\072\133\120\217\333\172\013\122\033\136\372\116\206\145\164\116\052\127\060\127\100\172\172\225\364\166\204\122\157\147\054\377\014\127\050\133\120\217\333\172\013\121\205\220\350\377\014\123\352\133\130\127\050\116\000\116\052\217\333\172\013\377\014\133\203\146\057\165\061\162\066\217\333\172\013\116\055\214\003\165\050\000f\000o\000r\000k\166\204\176\277\172\013\166\204\122\157\147\054\147\204\142\020\166\204\377\014\165\061\116\216\121\231\145\366\131\015\122\066\166\204\123\237\126\340\377\014\226\144\227\136\146\057\000f\000o\000r\000k\124\016\172\313\123\163\214\003\165\050\000e\000x\000e\000c\377\014\124\046\122\031\162\066\217\333\172\013\124\214\133\120\217\333\172\013\217\330\123\357\116\345\121\161\116\253\121\205\133\130\230\165\377\014\131\202\147\234\162\066\217\333\172\013\116\055\166\204\176\277\172\013\123\140\147\011\225\001\377\014\220\243\116\110\133\120\217\333\172\013\116\137\134\006\124\014\150\067\123\140\147\011\217\331\116\233\225\001\377\014\123\357\146\057\133\120\176\277\172\013\136\166\116\015\123\005\124\053\220\243\116\233\123\140\147\011\225\001\176\277\172\013\166\204\122\157\147\054}{section.22}% 324
\BOOKMARK [2][]{subsection.22.60}{\376\377\0002\0002\000.\0006\0000\000\040\000p\000t\000h\000r\000e\000a\000d\000\137\000a\000t\000f\000o\000r\000k}{section.22}% 325
\BOOKMARK [1][]{section.23}{\376\377\0002\0003\000\040\000[\000r\000g\000b\000]\0000\000.\0002\000,\0000\000.\0004\000,\0000\000.\0006\117\032\213\335\176\304}{}% 326
\BOOKMARK [2][]{subsection.23.1}{\376\377\0002\0003\000.\0001\000\040\000g\000e\000t\000p\000g\000r\000p}{section.23}% 327
\BOOKMARK [2][]{subsection.23.2}{\376\377\0002\0003\000.\0002\000\040\000g\000e\000t\000p\000g\000i\000d}{section.23}% 328
\BOOKMARK [2][]{subsection.23.3}{\376\377\0002\0003\000.\0003\000\040\000s\000e\000t\000p\000g\000r\000p}{section.23}% 329
\BOOKMARK [2][]{subsection.23.4}{\376\377\0002\0003\000.\0004\000\040\000s\000e\000t\000p\000g\000i\000d}{section.23}% 330
\BOOKMARK [2][]{subsection.23.5}{\376\377\0002\0003\000.\0005\000\040\000g\000e\000t\000s\000i\000d}{section.23}% 331
\BOOKMARK [2][]{subsection.23.6}{\376\377\0002\0003\000.\0006\000\040\000s\000e\000t\000s\000i\000d}{section.23}% 332
\BOOKMARK [2][]{subsection.23.7}{\376\377\0002\0003\000.\0007\000\040\000t\000c\000g\000e\000t\000p\000g\000r\000p}{section.23}% 333
\BOOKMARK [2][]{subsection.23.8}{\376\377\0002\0003\000.\0008\000\040\000t\000c\000s\000e\000t\000p\000g\000r\000p}{section.23}% 334
\BOOKMARK [2][]{subsection.23.9}{\376\377\0002\0003\000.\0009\000\040\000t\000c\000g\000e\000t\000s\000i\000d}{section.23}% 335
\BOOKMARK [2][]{subsection.23.10}{\376\377\0002\0003\000.\0001\0000\000\040\000g\000e\000t\000p\000r\000i\000o\000r\000i\000t\000y}{section.23}% 336
\BOOKMARK [2][]{subsection.23.11}{\376\377\0002\0003\000.\0001\0001\000\040\000s\000e\000t\000p\000r\000i\000o\000r\000i\000t\000y}{section.23}% 337
\BOOKMARK [2][]{subsection.23.12}{\376\377\0002\0003\000.\0001\0002\000\040\000s\000e\000t\000u\000t\000x\000e\000n\000t}{section.23}% 338
\BOOKMARK [2][]{subsection.23.13}{\376\377\0002\0003\000.\0001\0003\000\040\000e\000n\000d\000u\000t\000x\000e\000n\000t}{section.23}% 339
\BOOKMARK [2][]{subsection.23.14}{\376\377\0002\0003\000.\0001\0004\000\040\000u\000t\000m\000p\000x\000n\000a\000m\000e}{section.23}% 340
\BOOKMARK [2][]{subsection.23.15}{\376\377\0002\0003\000.\0001\0005\000\040\000g\000e\000t\000u\000t\000x\000e\000n\000t}{section.23}% 341
\BOOKMARK [2][]{subsection.23.16}{\376\377\0002\0003\000.\0001\0006\000\040\000g\000e\000t\000u\000t\000x\000i\000d}{section.23}% 342
\BOOKMARK [2][]{subsection.23.17}{\376\377\0002\0003\000.\0001\0007\000\040\000g\000e\000t\000u\000t\000x\000l\000i\000n\000e}{section.23}% 343
\BOOKMARK [2][]{subsection.23.18}{\376\377\0002\0003\000.\0001\0008\000\040\000p\000u\000t\000u\000t\000x\000l\000i\000n\000e}{section.23}% 344
\BOOKMARK [1][]{section.24}{\376\377\0002\0004\000\040\000[\000r\000g\000b\000]\0000\000.\0002\000,\0000\000.\0004\000,\0000\000.\0006\173\241\220\123}{}% 345
\BOOKMARK [2][]{subsection.24.1}{\376\377\0002\0004\000.\0001\000\040\000p\000i\000p\000e}{section.24}% 346
\BOOKMARK [2][]{subsection.24.2}{\376\377\0002\0004\000.\0002\000\040\000p\000o\000p\000e\000n}{section.24}% 347
\BOOKMARK [2][]{subsection.24.3}{\376\377\0002\0004\000.\0003\000\040\000p\000c\000l\000o\000s\000e}{section.24}% 348
\BOOKMARK [2][]{subsection.24.4}{\376\377\0002\0004\000.\0004\000\040\000m\000k\000f\000i\000f\000o}{section.24}% 349
\BOOKMARK [2][]{subsection.24.5}{\376\377\0002\0004\000.\0005\000\040}{section.24}% 350
\BOOKMARK [2][]{subsection.24.6}{\376\377\0002\0004\000.\0006\000\040\000f\000t\000o\000k}{section.24}% 351
\BOOKMARK [1][]{section.25}{\376\377\0002\0005\000\040\000[\000r\000g\000b\000]\0000\000.\0002\000,\0000\000.\0004\000,\0000\000.\0006\155\210\140\157\226\037\122\027}{}% 352
\BOOKMARK [2][]{subsection.25.1}{\376\377\0002\0005\000.\0001\000\040\000m\000s\000g\000g\000e\000t}{section.25}% 353
\BOOKMARK [2][]{subsection.25.2}{\376\377\0002\0005\000.\0002\000\040\000m\000s\000g\000s\000n\000d}{section.25}% 354
\BOOKMARK [2][]{subsection.25.3}{\376\377\0002\0005\000.\0003\000\040\000m\000s\000g\000r\000c\000v}{section.25}% 355
\BOOKMARK [2][]{subsection.25.4}{\376\377\0002\0005\000.\0004\000\040\000m\000s\000g\000c\000t\000l}{section.25}% 356
\BOOKMARK [1][]{section.26}{\376\377\0002\0006\000\040\000[\000r\000g\000b\000]\0000\000.\0002\000,\0000\000.\0004\000,\0000\000.\0006\117\341\123\367\221\317}{}% 357
\BOOKMARK [2][]{subsection.26.1}{\376\377\0002\0006\000.\0001\000\040\000s\000e\000m\000g\000e\000t}{section.26}% 358
\BOOKMARK [2][]{subsection.26.2}{\376\377\0002\0006\000.\0002\000\040\000s\000e\000m\000o\000p}{section.26}% 359
\BOOKMARK [2][]{subsection.26.3}{\376\377\0002\0006\000.\0003\000\040\000s\000e\000m\000c\000t\000l}{section.26}% 360
\BOOKMARK [1][]{section.27}{\376\377\0002\0007\000\040\000[\000r\000g\000b\000]\0000\000.\0002\000,\0000\000.\0004\000,\0000\000.\0006\121\161\116\253\121\205\133\130}{}% 361
\BOOKMARK [2][]{subsection.27.1}{\376\377\0002\0007\000.\0001\000\040\000s\000h\000m\000g\000e\000t}{section.27}% 362
\BOOKMARK [2][]{subsection.27.2}{\376\377\0002\0007\000.\0002\000\040\000s\000h\000m\000a\000t}{section.27}% 363
\BOOKMARK [2][]{subsection.27.3}{\376\377\0002\0007\000.\0003\000\040\000s\000h\000m\000d\000t}{section.27}% 364
\BOOKMARK [2][]{subsection.27.4}{\376\377\0002\0007\000.\0004\000\040\000s\000h\000m\000c\000t\000l}{section.27}% 365
\BOOKMARK [2][]{subsection.27.5}{\376\377\0002\0007\000.\0005\000\040\000m\000m\000a\000p}{section.27}% 366
\BOOKMARK [2][]{subsection.27.6}{\376\377\0002\0007\000.\0006\000\040\000m\000u\000n\000m\000a\000p}{section.27}% 367
\BOOKMARK [2][]{subsection.27.7}{\376\377\0002\0007\000.\0007\000\040\000m\000s\000y\000n\000c}{section.27}% 368
\BOOKMARK [2][]{subsection.27.8}{\376\377\0002\0007\000.\0008\000\040\000m\000p\000r\000o\000t\000e\000c\000t}{section.27}% 369
\BOOKMARK [1][]{section.28}{\376\377\0002\0008\000\040\000[\000r\000g\000b\000]\0000\000.\0002\000,\0000\000.\0004\000,\0000\000.\0006\121\205\133\130\225\001}{}% 370
\BOOKMARK [2][]{subsection.28.1}{\376\377\0002\0008\000.\0001\000\040\000m\000l\000o\000c\000k}{section.28}% 371
\BOOKMARK [2][]{subsection.28.2}{\376\377\0002\0008\000.\0002\000\040\000m\000u\000n\000l\000o\000c\000k}{section.28}% 372
\BOOKMARK [2][]{subsection.28.3}{\376\377\0002\0008\000.\0003\000\040\000m\000l\000o\000c\000k\000a\000l\000l}{section.28}% 373
\BOOKMARK [2][]{subsection.28.4}{\376\377\0002\0008\000.\0004\000\040\000m\000u\000n\000l\000o\000c\000k\000a\000l\000l}{section.28}% 374
\BOOKMARK [2][]{subsection.28.5}{\376\377\0002\0008\000.\0005\000\040\000m\000i\000n\000c\000o\000r\000e}{section.28}% 375
\BOOKMARK [2][]{subsection.28.6}{\376\377\0002\0008\000.\0006\000\040\000m\000a\000d\000v\000i\000s\000e}{section.28}% 376
\BOOKMARK [1][]{section.29}{\376\377\0002\0009\000\040\000[\000r\000g\000b\000]\0000\000.\0002\000,\0000\000.\0004\000,\0000\000.\0006\213\260\137\125\225\001}{}% 377
\BOOKMARK [2][]{subsection.29.1}{\376\377\0002\0009\000.\0001\000\040\000f\000l\000o\000c\000k}{section.29}% 378
\BOOKMARK [2][]{subsection.29.2}{\376\377\0002\0009\000.\0002\000\040\000f\000c\000n\000t\000l}{section.29}% 379
\BOOKMARK [1][]{section.30}{\376\377\0003\0000\000\040\000[\000r\000g\000b\000]\0000\000.\0002\000,\0000\000.\0004\000,\0000\000.\0006\131\127\143\245\133\127}{}% 380
\BOOKMARK [2][]{subsection.30.1}{\376\377\0003\0000\000.\0001\000\040\000s\000o\000c\000k\000e\000t}{section.30}% 381
\BOOKMARK [2][]{subsection.30.2}{\376\377\0003\0000\000.\0002\000\040\000b\000i\000n\000d}{section.30}% 382
\BOOKMARK [2][]{subsection.30.3}{\376\377\0003\0000\000.\0003\000\040\000l\000i\000s\000t\000e\000n}{section.30}% 383
\BOOKMARK [2][]{subsection.30.4}{\376\377\0003\0000\000.\0004\000\040\000a\000c\000c\000e\000p\000t}{section.30}% 384
\BOOKMARK [2][]{subsection.30.5}{\376\377\0003\0000\000.\0005\000\040\000c\000o\000n\000n\000e\000c\000t}{section.30}% 385
\BOOKMARK [2][]{subsection.30.6}{\376\377\0003\0000\000.\0006\000\040\000s\000h\000u\000t\000d\000o\000w\000n}{section.30}% 386
\BOOKMARK [2][]{subsection.30.7}{\376\377\0003\0000\000.\0007\000\040\000s\000e\000n\000d}{section.30}% 387
\BOOKMARK [2][]{subsection.30.8}{\376\377\0003\0000\000.\0008\000\040\000r\000e\000c\000v}{section.30}% 388
\BOOKMARK [2][]{subsection.30.9}{\376\377\0003\0000\000.\0009\000\040\000s\000e\000n\000d\000t\000o}{section.30}% 389
\BOOKMARK [2][]{subsection.30.10}{\376\377\0003\0000\000.\0001\0000\000\040\000r\000e\000c\000v\000f\000r\000o\000m}{section.30}% 390
\BOOKMARK [2][]{subsection.30.11}{\376\377\0003\0000\000.\0001\0001\000\040\000s\000o\000c\000k\000e\000t\000p\000a\000i\000r}{section.30}% 391
\BOOKMARK [2][]{subsection.30.12}{\376\377\0003\0000\000.\0001\0002\000\040\000h\000t\000o\000n\000s}{section.30}% 392
\BOOKMARK [2][]{subsection.30.13}{\376\377\0003\0000\000.\0001\0003\000\040\000h\000t\000o\000n\000l}{section.30}% 393
\BOOKMARK [2][]{subsection.30.14}{\376\377\0003\0000\000.\0001\0004\000\040\000n\000t\000o\000h\000s}{section.30}% 394
\BOOKMARK [2][]{subsection.30.15}{\376\377\0003\0000\000.\0001\0005\000\040\000n\000t\000o\000h\000l}{section.30}% 395
\BOOKMARK [2][]{subsection.30.16}{\376\377\0003\0000\000.\0001\0006\000\040\000i\000n\000e\000t\000\137\000a\000t\000o\000n}{section.30}% 396
\BOOKMARK [2][]{subsection.30.17}{\376\377\0003\0000\000.\0001\0007\000\040\000i\000n\000e\000t\000\137\000n\000t\000o\000a}{section.30}% 397
\BOOKMARK [2][]{subsection.30.18}{\376\377\0003\0000\000.\0001\0008\000\040\000i\000n\000e\000t\000\137\000p\000t\000o\000n}{section.30}% 398
\BOOKMARK [2][]{subsection.30.19}{\376\377\0003\0000\000.\0001\0009\000\040\000i\000n\000e\000t\000\137\000n\000t\000o\000p}{section.30}% 399
\BOOKMARK [2][]{subsection.30.20}{\376\377\0003\0000\000.\0002\0000\000\040\000s\000e\000t\000h\000o\000s\000t\000e\000n\000t}{section.30}% 400
\BOOKMARK [2][]{subsection.30.21}{\376\377\0003\0000\000.\0002\0001\000\040\000g\000e\000t\000h\000o\000s\000t\000e\000n\000t}{section.30}% 401
\BOOKMARK [2][]{subsection.30.22}{\376\377\0003\0000\000.\0002\0002\000\040\000e\000n\000d\000h\000o\000s\000t\000e\000n\000t}{section.30}% 402
\BOOKMARK [2][]{subsection.30.23}{\376\377\0003\0000\000.\0002\0003\000\040\000g\000e\000t\000n\000e\000t\000b\000y\000a\000d\000d\000r}{section.30}% 403
\BOOKMARK [2][]{subsection.30.24}{\376\377\0003\0000\000.\0002\0004\000\040\000g\000e\000t\000n\000e\000t\000b\000y\000n\000a\000m\000e}{section.30}% 404
\BOOKMARK [2][]{subsection.30.25}{\376\377\0003\0000\000.\0002\0005\000\040\000s\000e\000t\000n\000e\000n\000t\000e\000n\000t}{section.30}% 405
\BOOKMARK [2][]{subsection.30.26}{\376\377\0003\0000\000.\0002\0006\000\040\000g\000e\000t\000n\000e\000t\000e\000n\000t}{section.30}% 406
\BOOKMARK [2][]{subsection.30.27}{\376\377\0003\0000\000.\0002\0007\000\040\000e\000n\000d\000n\000e\000t\000e\000n\000t}{section.30}% 407
\BOOKMARK [2][]{subsection.30.28}{\376\377\0003\0000\000.\0002\0008\000\040\000g\000e\000t\000p\000r\000o\000t\000o\000b\000y\000n\000a\000m\000e}{section.30}% 408
\BOOKMARK [2][]{subsection.30.29}{\376\377\0003\0000\000.\0002\0009\000\040\000g\000e\000t\000p\000r\000o\000t\000o\000b\000y\000n\000u\000m\000b\000e\000r}{section.30}% 409
\BOOKMARK [2][]{subsection.30.30}{\376\377\0003\0000\000.\0003\0000\000\040\000s\000e\000t\000p\000r\000o\000t\000o\000e\000n\000t}{section.30}% 410
\BOOKMARK [2][]{subsection.30.31}{\376\377\0003\0000\000.\0003\0001\000\040\000g\000e\000t\000p\000r\000o\000t\000o\000e\000n\000t}{section.30}% 411
\BOOKMARK [2][]{subsection.30.32}{\376\377\0003\0000\000.\0003\0002\000\040\000e\000n\000d\000p\000r\000o\000t\000o\000e\000n\000t}{section.30}% 412
\BOOKMARK [2][]{subsection.30.33}{\376\377\0003\0000\000.\0003\0003\000\040\000g\000e\000t\000s\000e\000r\000v\000b\000y\000n\000a\000m\000e}{section.30}% 413
\BOOKMARK [2][]{subsection.30.34}{\376\377\0003\0000\000.\0003\0004\000\040\000g\000e\000t\000s\000e\000r\000v\000b\000y\000p\000o\000r\000t}{section.30}% 414
\BOOKMARK [2][]{subsection.30.35}{\376\377\0003\0000\000.\0003\0005\000\040\000s\000e\000t\000s\000e\000r\000v\000e\000n\000t}{section.30}% 415
\BOOKMARK [2][]{subsection.30.36}{\376\377\0003\0000\000.\0003\0006\000\040\000g\000e\000t\000s\000e\000r\000v\000e\000n\000t}{section.30}% 416
\BOOKMARK [2][]{subsection.30.37}{\376\377\0003\0000\000.\0003\0007\000\040\000e\000n\000d\000s\000e\000r\000v\000e\000n\000t}{section.30}% 417
\BOOKMARK [2][]{subsection.30.38}{\376\377\0003\0000\000.\0003\0008\000\040\000g\000e\000t\000a\000d\000d\000r\000i\000n\000f\000o}{section.30}% 418
\BOOKMARK [2][]{subsection.30.39}{\376\377\0003\0000\000.\0003\0009\000\040\000f\000r\000e\000e\000a\000d\000d\000r\000i\000n\000f\000o}{section.30}% 419
\BOOKMARK [2][]{subsection.30.40}{\376\377\0003\0000\000.\0004\0000\000\040\000g\000a\000i\000\137\000s\000t\000r\000e\000r\000r\000o\000r}{section.30}% 420
\BOOKMARK [2][]{subsection.30.41}{\376\377\0003\0000\000.\0004\0001\000\040\000g\000e\000t\000n\000a\000m\000e\000i\000n\000f\000o}{section.30}% 421
\BOOKMARK [2][]{subsection.30.42}{\376\377\0003\0000\000.\0004\0002\000\040\000g\000e\000t\000s\000e\000r\000v\000b\000y\000h\000o\000s\000t}{section.30}% 422
\BOOKMARK [2][]{subsection.30.43}{\376\377\0003\0000\000.\0004\0003\000\040\000g\000e\000t\000h\000o\000s\000t\000b\000y\000n\000a\000m\000e}{section.30}% 423
\BOOKMARK [2][]{subsection.30.44}{\376\377\0003\0000\000.\0004\0004\000\040\000g\000e\000t\000h\000o\000s\000t\000b\000y\000a\000d\000d\000r}{section.30}% 424
\BOOKMARK [2][]{subsection.30.45}{\376\377\0003\0000\000.\0004\0005\000\040\000s\000e\000n\000d\000f\000i\000l\000e}{section.30}% 425
\BOOKMARK [2][]{subsection.30.46}{\376\377\0003\0000\000.\0004\0006\000\040\000g\000e\000t\000s\000o\000c\000k\000n\000a\000m\000e}{section.30}% 426
\BOOKMARK [2][]{subsection.30.47}{\376\377\0003\0000\000.\0004\0007\000\040\000g\000e\000t\000p\000e\000e\000r\000n\000a\000m\000e}{section.30}% 427
\BOOKMARK [2][]{subsection.30.48}{\376\377\0003\0000\000.\0004\0008\000\040\000g\000e\000t\000s\000o\000c\000k\000o\000p\000t}{section.30}% 428
\BOOKMARK [2][]{subsection.30.49}{\376\377\0003\0000\000.\0004\0009\000\040\000s\000e\000t\000s\000o\000c\000k\000o\000p\000t}{section.30}% 429
\BOOKMARK [2][]{subsection.30.50}{\376\377\0003\0000\000.\0005\0000\000\040\000s\000e\000n\000d\000m\000s\000g}{section.30}% 430
\BOOKMARK [2][]{subsection.30.51}{\376\377\0003\0000\000.\0005\0001\000\040\000r\000e\000c\000v\000m\000s\000g}{section.30}% 431
\BOOKMARK [2][]{subsection.30.52}{\376\377\0003\0000\000.\0005\0002\000\040\000C\000M\000S\000G\000\137\000L\000E\000N}{section.30}% 432
\BOOKMARK [2][]{subsection.30.53}{\376\377\0003\0000\000.\0005\0003\000\040\000C\000M\000S\000G\000\137\000N\000X\000T\000H\000D\000R}{section.30}% 433
\BOOKMARK [2][]{subsection.30.54}{\376\377\0003\0000\000.\0005\0004\000\040\000C\000M\000S\000G\000\137\000F\000I\000R\000S\000T\000H\000D\000R}{section.30}% 434
\BOOKMARK [2][]{subsection.30.55}{\376\377\0003\0000\000.\0005\0005\000\040\000C\000M\000S\000G\000\137\000D\000A\000T\000A}{section.30}% 435
\BOOKMARK [1][]{section.31}{\376\377\0003\0001\000\040\000[\000r\000g\000b\000]\0000\000.\0002\000,\0000\000.\0004\000,\0000\000.\0006\176\310\172\357\213\276\177\156}{}% 436
\BOOKMARK [2][]{subsection.31.1}{\376\377\0003\0001\000.\0001\000\040\000i\000o\000c\000t\000l}{section.31}% 437
\BOOKMARK [2][]{subsection.31.2}{\376\377\0003\0001\000.\0002\000\040\000t\000c\000g\000e\000t\000a\000t\000t\000r}{section.31}% 438
\BOOKMARK [2][]{subsection.31.3}{\376\377\0003\0001\000.\0003\000\040\000t\000c\000s\000e\000t\000a\000t\000t\000r}{section.31}% 439
\BOOKMARK [2][]{subsection.31.4}{\376\377\0003\0001\000.\0004\000\040\000i\000o\000c\000t\000l}{section.31}% 440
\BOOKMARK [2][]{subsection.31.5}{\376\377\0003\0001\000.\0005\000\040\000c\000t\000e\000r\000m\000i\000d}{section.31}% 441
\BOOKMARK [2][]{subsection.31.6}{\376\377\0003\0001\000.\0006\000\040\000i\000s\000a\000t\000t\000y}{section.31}% 442
\BOOKMARK [2][]{subsection.31.7}{\376\377\0003\0001\000.\0007\000\040\000t\000t\000y\000n\000a\000m\000e}{section.31}% 443
\BOOKMARK [1][]{section.32}{\376\377\0003\0002\000\040\000[\000r\000g\000b\000]\0000\000.\0002\000,\0000\000.\0004\000,\0000\000.\0006\000I\000O\131\032\215\357\131\015\165\050}{}% 444
\BOOKMARK [2][]{subsection.32.1}{\376\377\0003\0002\000.\0001\000\040\000s\000e\000l\000e\000c\000t}{section.32}% 445
\BOOKMARK [2][]{subsection.32.2}{\376\377\0003\0002\000.\0002\000\040\000p\000s\000e\000l\000e\000c\000t}{section.32}% 446
\BOOKMARK [2][]{subsection.32.3}{\376\377\0003\0002\000.\0003\000\040\000F\000D\000\137\000I\000S\000S\000E\000T}{section.32}% 447
\BOOKMARK [2][]{subsection.32.4}{\376\377\0003\0002\000.\0004\000\040\000F\000D\000\137\000C\000L\000R}{section.32}% 448
\BOOKMARK [2][]{subsection.32.5}{\376\377\0003\0002\000.\0005\000\040\000F\000D\000\137\000S\000E\000T}{section.32}% 449
\BOOKMARK [2][]{subsection.32.6}{\376\377\0003\0002\000.\0006\000\040\000F\000D\000\137\000Z\000E\000R\000O}{section.32}% 450
\BOOKMARK [2][]{subsection.32.7}{\376\377\0003\0002\000.\0007\000\040\000p\000o\000l\000l}{section.32}% 451
\BOOKMARK [2][]{subsection.32.8}{\376\377\0003\0002\000.\0008\000\040\000f\000c\000n\000t\000l}{section.32}% 452
\BOOKMARK [2][]{subsection.32.9}{\376\377\0003\0002\000.\0009\000\040}{section.32}% 453
