\BOOKMARK [1][-]{section.1}{[rgb]0.2,0.4,0.6第一章 IO流}{}% 1
\BOOKMARK [2][-]{subsection.1.1}{open}{section.1}% 2
\BOOKMARK [2][-]{subsection.1.2}{openat}{section.1}% 3
\BOOKMARK [2][-]{subsection.1.3}{fcntl}{section.1}% 4
\BOOKMARK [2][-]{subsection.1.4}{open}{section.1}% 5
\BOOKMARK [2][-]{subsection.1.5}{openat}{section.1}% 6
\BOOKMARK [2][-]{subsection.1.6}{close}{section.1}% 7
\BOOKMARK [2][-]{subsection.1.7}{read}{section.1}% 8
\BOOKMARK [2][-]{subsection.1.8}{aio\137read}{section.1}% 9
\BOOKMARK [2][-]{subsection.1.9}{write}{section.1}% 10
\BOOKMARK [2][-]{subsection.1.10}{lseek}{section.1}% 11
\BOOKMARK [2][-]{subsection.1.11}{fcntl}{section.1}% 12
\BOOKMARK [2][-]{subsection.1.12}{dup2}{section.1}% 13
\BOOKMARK [2][-]{subsection.1.13}{pread}{section.1}% 14
\BOOKMARK [2][-]{subsection.1.14}{pwrite}{section.1}% 15
\BOOKMARK [2][-]{subsection.1.15}{readv}{section.1}% 16
\BOOKMARK [2][-]{subsection.1.16}{writev}{section.1}% 17
\BOOKMARK [2][-]{subsection.1.17}{truncate}{section.1}% 18
\BOOKMARK [2][-]{subsection.1.18}{ftruncate}{section.1}% 19
\BOOKMARK [2][-]{subsection.1.19}{mkstemp}{section.1}% 20
\BOOKMARK [2][-]{subsection.1.20}{mkdtemp}{section.1}% 21
\BOOKMARK [2][-]{subsection.1.21}{tmpfile}{section.1}% 22
\BOOKMARK [1][-]{section.2}{[rgb]0.2,0.4,0.6第二章 环境}{}% 23
\BOOKMARK [2][-]{subsection.2.1}{getenv}{section.2}% 24
\BOOKMARK [2][-]{subsection.2.2}{putenv}{section.2}% 25
\BOOKMARK [2][-]{subsection.2.3}{setenv}{section.2}% 26
\BOOKMARK [2][-]{subsection.2.4}{unsetenv}{section.2}% 27
\BOOKMARK [2][-]{subsection.2.5}{clearenv}{section.2}% 28
\BOOKMARK [1][-]{section.3}{[rgb]0.2,0.4,0.6任意跳转}{}% 29
\BOOKMARK [2][-]{subsection.3.1}{setjmp}{section.3}% 30
\BOOKMARK [2][-]{subsection.3.2}{longjmp}{section.3}% 31
\BOOKMARK [1][-]{section.4}{[rgb]0.2,0.4,0.6堆操作}{}% 32
\BOOKMARK [2][-]{subsection.4.1}{brk}{section.4}% 33
\BOOKMARK [2][-]{subsection.4.2}{sbrk}{section.4}% 34
\BOOKMARK [2][-]{subsection.4.3}{brk}{section.4}% 35
\BOOKMARK [2][-]{subsection.4.4}{malloc}{section.4}% 36
\BOOKMARK [2][-]{subsection.4.5}{calloc}{section.4}% 37
\BOOKMARK [2][-]{subsection.4.6}{realloc}{section.4}% 38
\BOOKMARK [2][-]{subsection.4.7}{memalign}{section.4}% 39
\BOOKMARK [2][-]{subsection.4.8}{alloc}{section.4}% 40
\BOOKMARK [1][-]{section.5}{[rgb]0.2,0.4,0.6系统用户文件处理}{}% 41
\BOOKMARK [2][-]{subsection.5.1}{getpwnam}{section.5}% 42
\BOOKMARK [2][-]{subsection.5.2}{getpwuid}{section.5}% 43
\BOOKMARK [2][-]{subsection.5.3}{getgrnam}{section.5}% 44
\BOOKMARK [2][-]{subsection.5.4}{getgrgid}{section.5}% 45
\BOOKMARK [2][-]{subsection.5.5}{getpwent}{section.5}% 46
\BOOKMARK [2][-]{subsection.5.6}{setpwent}{section.5}% 47
\BOOKMARK [2][-]{subsection.5.7}{endpwent}{section.5}% 48
\BOOKMARK [2][-]{subsection.5.8}{endgrent}{section.5}% 49
\BOOKMARK [2][-]{subsection.5.9}{setgrent}{section.5}% 50
\BOOKMARK [2][-]{subsection.5.10}{getgrent}{section.5}% 51
\BOOKMARK [2][-]{subsection.5.11}{getspname}{section.5}% 52
\BOOKMARK [2][-]{subsection.5.12}{getspend}{section.5}% 53
\BOOKMARK [2][-]{subsection.5.13}{setspent}{section.5}% 54
\BOOKMARK [2][-]{subsection.5.14}{endspent}{section.5}% 55
\BOOKMARK [2][-]{subsection.5.15}{crypt}{section.5}% 56
\BOOKMARK [1][-]{section.6}{[rgb]0.2,0.4,0.6进程用户信息}{}% 57
\BOOKMARK [2][-]{subsection.6.1}{getlogin}{section.6}% 58
\BOOKMARK [2][-]{subsection.6.2}{getuid}{section.6}% 59
\BOOKMARK [2][-]{subsection.6.3}{geteuid}{section.6}% 60
\BOOKMARK [2][-]{subsection.6.4}{getgid}{section.6}% 61
\BOOKMARK [2][-]{subsection.6.5}{getegid}{section.6}% 62
\BOOKMARK [2][-]{subsection.6.6}{setuid}{section.6}% 63
\BOOKMARK [2][-]{subsection.6.7}{setgid}{section.6}% 64
\BOOKMARK [2][-]{subsection.6.8}{seteuid}{section.6}% 65
\BOOKMARK [2][-]{subsection.6.9}{setegid}{section.6}% 66
\BOOKMARK [2][-]{subsection.6.10}{setreuid}{section.6}% 67
\BOOKMARK [2][-]{subsection.6.11}{setregid}{section.6}% 68
\BOOKMARK [2][-]{subsection.6.12}{getresuid}{section.6}% 69
\BOOKMARK [2][-]{subsection.6.13}{getresgid}{section.6}% 70
\BOOKMARK [2][-]{subsection.6.14}{setfsuit}{section.6}% 71
\BOOKMARK [2][-]{subsection.6.15}{setfsgid}{section.6}% 72
\BOOKMARK [2][-]{subsection.6.16}{getgroups}{section.6}% 73
\BOOKMARK [2][-]{subsection.6.17}{setgroups}{section.6}% 74
\BOOKMARK [1][-]{section.7}{[rgb]0.2,0.4,0.6时间}{}% 75
\BOOKMARK [2][-]{subsection.7.1}{gettimeofday}{section.7}% 76
\BOOKMARK [2][-]{subsection.7.2}{time}{section.7}% 77
\BOOKMARK [2][-]{subsection.7.3}{ctime}{section.7}% 78
\BOOKMARK [2][-]{subsection.7.4}{gmtime}{section.7}% 79
\BOOKMARK [2][-]{subsection.7.5}{localtime}{section.7}% 80
\BOOKMARK [2][-]{subsection.7.6}{mktime}{section.7}% 81
\BOOKMARK [2][-]{subsection.7.7}{asctime}{section.7}% 82
\BOOKMARK [2][-]{subsection.7.8}{strftime}{section.7}% 83
\BOOKMARK [2][-]{subsection.7.9}{strptime}{section.7}% 84
\BOOKMARK [1][-]{section.8}{[rgb]0.2,0.4,0.6进程优先级}{}% 85
\BOOKMARK [2][-]{subsection.8.1}{nice}{section.8}% 86
\BOOKMARK [2][-]{subsection.8.2}{getpriority}{section.8}% 87
\BOOKMARK [2][-]{subsection.8.3}{setpriority}{section.8}% 88
\BOOKMARK [2][-]{subsection.8.4}{times}{section.8}% 89
\BOOKMARK [2][-]{subsection.8.5}{clock}{section.8}% 90
\BOOKMARK [1][-]{section.9}{[rgb]0.2,0.4,0.6系统信息}{}% 91
\BOOKMARK [2][-]{subsection.9.1}{sysconf}{section.9}% 92
\BOOKMARK [2][-]{subsection.9.2}{pathconf}{section.9}% 93
\BOOKMARK [2][-]{subsection.9.3}{fpathconf}{section.9}% 94
\BOOKMARK [2][-]{subsection.9.4}{uname}{section.9}% 95
\BOOKMARK [2][-]{subsection.9.5}{gethostname}{section.9}% 96
\BOOKMARK [1][-]{section.10}{[rgb]0.2,0.4,0.6IO缓冲区设置}{}% 97
\BOOKMARK [2][-]{subsection.10.1}{setvbuf}{section.10}% 98
\BOOKMARK [2][-]{subsection.10.2}{setbuf}{section.10}% 99
\BOOKMARK [2][-]{subsection.10.3}{setbuffer}{section.10}% 100
\BOOKMARK [1][-]{section.11}{[rgb]0.2,0.4,0.6磁盘同步}{}% 101
\BOOKMARK [2][-]{subsection.11.1}{sync}{section.11}% 102
\BOOKMARK [2][-]{subsection.11.2}{fsync}{section.11}% 103
\BOOKMARK [2][-]{subsection.11.3}{fdatasync}{section.11}% 104
\BOOKMARK [2][-]{subsection.11.4}{posix\137fadvise}{section.11}% 105
\BOOKMARK [1][-]{section.12}{[rgb]0.2,0.4,0.6文件IO}{}% 106
\BOOKMARK [2][-]{subsection.12.1}{fopen}{section.12}% 107
\BOOKMARK [2][-]{subsection.12.2}{freopen}{section.12}% 108
\BOOKMARK [2][-]{subsection.12.3}{fmemopen}{section.12}% 109
\BOOKMARK [2][-]{subsection.12.4}{fileno}{section.12}% 110
\BOOKMARK [2][-]{subsection.12.5}{fdopen}{section.12}% 111
\BOOKMARK [2][-]{subsection.12.6}{fclose}{section.12}% 112
\BOOKMARK [2][-]{subsection.12.7}{getc}{section.12}% 113
\BOOKMARK [2][-]{subsection.12.8}{fgetc}{section.12}% 114
\BOOKMARK [2][-]{subsection.12.9}{getchar}{section.12}% 115
\BOOKMARK [2][-]{subsection.12.10}{ungetc}{section.12}% 116
\BOOKMARK [2][-]{subsection.12.11}{putc}{section.12}% 117
\BOOKMARK [2][-]{subsection.12.12}{fputc}{section.12}% 118
\BOOKMARK [2][-]{subsection.12.13}{putchar}{section.12}% 119
\BOOKMARK [2][-]{subsection.12.14}{fgets}{section.12}% 120
\BOOKMARK [2][-]{subsection.12.15}{gets}{section.12}% 121
\BOOKMARK [2][-]{subsection.12.16}{fputs}{section.12}% 122
\BOOKMARK [2][-]{subsection.12.17}{puts}{section.12}% 123
\BOOKMARK [2][-]{subsection.12.18}{fread}{section.12}% 124
\BOOKMARK [2][-]{subsection.12.19}{fwrite}{section.12}% 125
\BOOKMARK [2][-]{subsection.12.20}{ftell}{section.12}% 126
\BOOKMARK [2][-]{subsection.12.21}{fseek}{section.12}% 127
\BOOKMARK [2][-]{subsection.12.22}{ferror}{section.12}% 128
\BOOKMARK [2][-]{subsection.12.23}{feof}{section.12}% 129
\BOOKMARK [2][-]{subsection.12.24}{clearerr}{section.12}% 130
\BOOKMARK [1][-]{section.13}{[rgb]0.2,0.4,0.6文件系统挂载}{}% 131
\BOOKMARK [2][-]{subsection.13.1}{mount}{section.13}% 132
\BOOKMARK [2][-]{subsection.13.2}{umount}{section.13}% 133
\BOOKMARK [2][-]{subsection.13.3}{umount2}{section.13}% 134
\BOOKMARK [1][-]{section.14}{[rgb]0.2,0.4,0.6文件信息}{}% 135
\BOOKMARK [2][-]{subsection.14.1}{stat}{section.14}% 136
\BOOKMARK [2][-]{subsection.14.2}{lstat}{section.14}% 137
\BOOKMARK [2][-]{subsection.14.3}{fstat}{section.14}% 138
\BOOKMARK [2][-]{subsection.14.4}{fstatat}{section.14}% 139
\BOOKMARK [1][-]{section.15}{[rgb]0.2,0.4,0.6文件时间属性更改}{}% 140
\BOOKMARK [2][-]{subsection.15.1}{utime}{section.15}% 141
\BOOKMARK [2][-]{subsection.15.2}{utimes}{section.15}% 142
\BOOKMARK [2][-]{subsection.15.3}{futimes}{section.15}% 143
\BOOKMARK [2][-]{subsection.15.4}{lutimes}{section.15}% 144
\BOOKMARK [2][-]{subsection.15.5}{utimensat}{section.15}% 145
\BOOKMARK [2][-]{subsection.15.6}{futimens}{section.15}% 146
\BOOKMARK [1][-]{section.16}{[rgb]0.2,0.4,0.6文件权限及所有者}{}% 147
\BOOKMARK [2][-]{subsection.16.1}{chown}{section.16}% 148
\BOOKMARK [2][-]{subsection.16.2}{fchown}{section.16}% 149
\BOOKMARK [2][-]{subsection.16.3}{lchown}{section.16}% 150
\BOOKMARK [2][-]{subsection.16.4}{fchownat}{section.16}% 151
\BOOKMARK [2][-]{subsection.16.5}{chmod}{section.16}% 152
\BOOKMARK [2][-]{subsection.16.6}{fchmod}{section.16}% 153
\BOOKMARK [2][-]{subsection.16.7}{fchmodat}{section.16}% 154
\BOOKMARK [2][-]{subsection.16.8}{access}{section.16}% 155
\BOOKMARK [2][-]{subsection.16.9}{faccessat}{section.16}% 156
\BOOKMARK [2][-]{subsection.16.10}{setxattr}{section.16}% 157
\BOOKMARK [2][-]{subsection.16.11}{lsetxattr}{section.16}% 158
\BOOKMARK [2][-]{subsection.16.12}{fsetxattr}{section.16}% 159
\BOOKMARK [2][-]{subsection.16.13}{getxattr}{section.16}% 160
\BOOKMARK [2][-]{subsection.16.14}{lgetxattr}{section.16}% 161
\BOOKMARK [2][-]{subsection.16.15}{fgetxattr}{section.16}% 162
\BOOKMARK [2][-]{subsection.16.16}{removexatte}{section.16}% 163
\BOOKMARK [2][-]{subsection.16.17}{lremovexatte}{section.16}% 164
\BOOKMARK [2][-]{subsection.16.18}{fremovexatte}{section.16}% 165
\BOOKMARK [2][-]{subsection.16.19}{listxattr}{section.16}% 166
\BOOKMARK [2][-]{subsection.16.20}{llistxattr}{section.16}% 167
\BOOKMARK [2][-]{subsection.16.21}{flistxattr}{section.16}% 168
\BOOKMARK [1][-]{section.17}{[rgb]0.2,0.4,0.6硬链接与软链接}{}% 169
\BOOKMARK [2][-]{subsection.17.1}{link}{section.17}% 170
\BOOKMARK [2][-]{subsection.17.2}{linkat}{section.17}% 171
\BOOKMARK [2][-]{subsection.17.3}{unlink}{section.17}% 172
\BOOKMARK [2][-]{subsection.17.4}{unlinkat}{section.17}% 173
\BOOKMARK [2][-]{subsection.17.5}{rename}{section.17}% 174
\BOOKMARK [2][-]{subsection.17.6}{renameat}{section.17}% 175
\BOOKMARK [2][-]{subsection.17.7}{symlink}{section.17}% 176
\BOOKMARK [2][-]{subsection.17.8}{symlinkat}{section.17}% 177
\BOOKMARK [2][-]{subsection.17.9}{readlink}{section.17}% 178
\BOOKMARK [1][-]{section.18}{[rgb]0.2,0.4,0.6目录操作}{}% 179
\BOOKMARK [2][-]{subsection.18.1}{mkdir}{section.18}% 180
\BOOKMARK [2][-]{subsection.18.2}{mkdirat}{section.18}% 181
\BOOKMARK [2][-]{subsection.18.3}{rmdir}{section.18}% 182
\BOOKMARK [2][-]{subsection.18.4}{remove}{section.18}% 183
\BOOKMARK [2][-]{subsection.18.5}{opendir}{section.18}% 184
\BOOKMARK [2][-]{subsection.18.6}{fdopendir}{section.18}% 185
\BOOKMARK [2][-]{subsection.18.7}{readdir}{section.18}% 186
\BOOKMARK [2][-]{subsection.18.8}{rewinddir}{section.18}% 187
\BOOKMARK [2][-]{subsection.18.9}{closedir}{section.18}% 188
\BOOKMARK [2][-]{subsection.18.10}{dirfd}{section.18}% 189
\BOOKMARK [2][-]{subsection.18.11}{nftw}{section.18}% 190
\BOOKMARK [2][-]{subsection.18.12}{getcwd}{section.18}% 191
\BOOKMARK [2][-]{subsection.18.13}{chdir}{section.18}% 192
\BOOKMARK [2][-]{subsection.18.14}{fchdir}{section.18}% 193
\BOOKMARK [2][-]{subsection.18.15}{chroot}{section.18}% 194
\BOOKMARK [2][-]{subsection.18.16}{realpath}{section.18}% 195
\BOOKMARK [2][-]{subsection.18.17}{dirname}{section.18}% 196
\BOOKMARK [2][-]{subsection.18.18}{basename}{section.18}% 197
\BOOKMARK [1][-]{section.19}{[rgb]0.2,0.4,0.6信号}{}% 198
\BOOKMARK [2][-]{subsection.19.1}{signal}{section.19}% 199
\BOOKMARK [2][-]{subsection.19.2}{kill}{section.19}% 200
\BOOKMARK [2][-]{subsection.19.3}{raise}{section.19}% 201
\BOOKMARK [2][-]{subsection.19.4}{killpg}{section.19}% 202
\BOOKMARK [2][-]{subsection.19.5}{strsignal}{section.19}% 203
\BOOKMARK [2][-]{subsection.19.6}{psignal}{section.19}% 204
\BOOKMARK [2][-]{subsection.19.7}{sigemptyset}{section.19}% 205
\BOOKMARK [2][-]{subsection.19.8}{sigfillset}{section.19}% 206
\BOOKMARK [2][-]{subsection.19.9}{sigaddset}{section.19}% 207
\BOOKMARK [2][-]{subsection.19.10}{sigdelset}{section.19}% 208
\BOOKMARK [2][-]{subsection.19.11}{sigismember}{section.19}% 209
\BOOKMARK [2][-]{subsection.19.12}{sigandset}{section.19}% 210
\BOOKMARK [2][-]{subsection.19.13}{sigorset}{section.19}% 211
\BOOKMARK [2][-]{subsection.19.14}{sigisemptyset}{section.19}% 212
\BOOKMARK [2][-]{subsection.19.15}{sigprocmask}{section.19}% 213
\BOOKMARK [2][-]{subsection.19.16}{sigpending}{section.19}% 214
\BOOKMARK [2][-]{subsection.19.17}{sigaction}{section.19}% 215
\BOOKMARK [2][-]{subsection.19.18}{pause}{section.19}% 216
\BOOKMARK [2][-]{subsection.19.19}{sigsetjmp}{section.19}% 217
\BOOKMARK [2][-]{subsection.19.20}{setlongjmp}{section.19}% 218
\BOOKMARK [2][-]{subsection.19.21}{abort}{section.19}% 219
\BOOKMARK [2][-]{subsection.19.22}{sigaltstack}{section.19}% 220
\BOOKMARK [2][-]{subsection.19.23}{sigqueue}{section.19}% 221
\BOOKMARK [2][-]{subsection.19.24}{sigsuspend}{section.19}% 222
\BOOKMARK [2][-]{subsection.19.25}{sigwait}{section.19}% 223
\BOOKMARK [2][-]{subsection.19.26}{signalfd}{section.19}% 224
\BOOKMARK [2][-]{subsection.19.27}{sighold}{section.19}% 225
\BOOKMARK [2][-]{subsection.19.28}{sigrelse}{section.19}% 226
\BOOKMARK [2][-]{subsection.19.29}{sigignore}{section.19}% 227
\BOOKMARK [2][-]{subsection.19.30}{sigblock}{section.19}% 228
\BOOKMARK [2][-]{subsection.19.31}{sigsetmask}{section.19}% 229
\BOOKMARK [2][-]{subsection.19.32}{sigpause}{section.19}% 230
\BOOKMARK [2][-]{subsection.19.33}{sigmask}{section.19}% 231
\BOOKMARK [2][-]{subsection.19.34}{sigvec}{section.19}% 232
\BOOKMARK [2][-]{subsection.19.35}{getitimer}{section.19}% 233
\BOOKMARK [2][-]{subsection.19.36}{setitimer}{section.19}% 234
\BOOKMARK [2][-]{subsection.19.37}{alarm}{section.19}% 235
\BOOKMARK [2][-]{subsection.19.38}{sleep}{section.19}% 236
\BOOKMARK [2][-]{subsection.19.39}{nanosleep}{section.19}% 237
\BOOKMARK [2][-]{subsection.19.40}{clock\137nanosleep}{section.19}% 238
\BOOKMARK [1][-]{section.20}{[rgb]0.2,0.4,0.6时钟}{}% 239
\BOOKMARK [2][-]{subsection.20.1}{clock\137gettime}{section.20}% 240
\BOOKMARK [2][-]{subsection.20.2}{clock\137getres}{section.20}% 241
\BOOKMARK [2][-]{subsection.20.3}{clock\137settime}{section.20}% 242
\BOOKMARK [1][-]{section.21}{[rgb]0.2,0.4,0.6进程生成}{}% 243
\BOOKMARK [2][-]{subsection.21.1}{fork}{section.21}% 244
\BOOKMARK [2][-]{subsection.21.2}{vfork}{section.21}% 245
\BOOKMARK [2][-]{subsection.21.3}{exit}{section.21}% 246
\BOOKMARK [2][-]{subsection.21.4}{\137exit}{section.21}% 247
\BOOKMARK [2][-]{subsection.21.5}{atexit}{section.21}% 248
\BOOKMARK [2][-]{subsection.21.6}{wait}{section.21}% 249
\BOOKMARK [2][-]{subsection.21.7}{waitpid}{section.21}% 250
\BOOKMARK [2][-]{subsection.21.8}{WIFEXITED}{section.21}% 251
\BOOKMARK [2][-]{subsection.21.9}{WIFSIGNALED}{section.21}% 252
\BOOKMARK [2][-]{subsection.21.10}{WIFSTOPPED}{section.21}% 253
\BOOKMARK [2][-]{subsection.21.11}{WIFCONTINUED}{section.21}% 254
\BOOKMARK [2][-]{subsection.21.12}{waitid}{section.21}% 255
\BOOKMARK [2][-]{subsection.21.13}{wait3}{section.21}% 256
\BOOKMARK [2][-]{subsection.21.14}{wait4}{section.21}% 257
\BOOKMARK [2][-]{subsection.21.15}{execve}{section.21}% 258
\BOOKMARK [2][-]{subsection.21.16}{execle}{section.21}% 259
\BOOKMARK [2][-]{subsection.21.17}{execvp}{section.21}% 260
\BOOKMARK [2][-]{subsection.21.18}{execlp}{section.21}% 261
\BOOKMARK [2][-]{subsection.21.19}{execv}{section.21}% 262
\BOOKMARK [2][-]{subsection.21.20}{execl}{section.21}% 263
\BOOKMARK [2][-]{subsection.21.21}{fexecve}{section.21}% 264
\BOOKMARK [1][-]{section.22}{[rgb]0.2,0.4,0.6线程}{}% 265
\BOOKMARK [2][-]{subsection.22.1}{pthread\137create}{section.22}% 266
\BOOKMARK [2][-]{subsection.22.2}{pthread\137exit}{section.22}% 267
\BOOKMARK [2][-]{subsection.22.3}{pthread\137self}{section.22}% 268
\BOOKMARK [2][-]{subsection.22.4}{pthread\137equal}{section.22}% 269
\BOOKMARK [2][-]{subsection.22.5}{pthread\137join}{section.22}% 270
\BOOKMARK [2][-]{subsection.22.6}{pthread\137cancel}{section.22}% 271
\BOOKMARK [2][-]{subsection.22.7}{pthread\137detach}{section.22}% 272
\BOOKMARK [2][-]{subsection.22.8}{pthread\137attr\137init}{section.22}% 273
\BOOKMARK [2][-]{subsection.22.9}{pthread\137attr\137destroy}{section.22}% 274
\BOOKMARK [2][-]{subsection.22.10}{pthread\137attr\137getdetachstate}{section.22}% 275
\BOOKMARK [2][-]{subsection.22.11}{pthread\137attr\137setdetachstate}{section.22}% 276
\BOOKMARK [2][-]{subsection.22.12}{pthread\137attr\137getstack}{section.22}% 277
\BOOKMARK [2][-]{subsection.22.13}{pthread\137attr\137setstack}{section.22}% 278
\BOOKMARK [2][-]{subsection.22.14}{pthread\137attr\137getstacksize}{section.22}% 279
\BOOKMARK [2][-]{subsection.22.15}{pthread\137attr\137setstacksize}{section.22}% 280
\BOOKMARK [2][-]{subsection.22.16}{pthread\137attr\137getguardsize}{section.22}% 281
\BOOKMARK [2][-]{subsection.22.17}{pthread\137attr\137setguardsize}{section.22}% 282
\BOOKMARK [2][-]{subsection.22.18}{pthread\137mutex\137init}{section.22}% 283
\BOOKMARK [2][-]{subsection.22.19}{pthread\137mutex\137destroy}{section.22}% 284
\BOOKMARK [2][-]{subsection.22.20}{pthread\137mutex\137lock}{section.22}% 285
\BOOKMARK [2][-]{subsection.22.21}{pthread\137mutex\137trylock}{section.22}% 286
\BOOKMARK [2][-]{subsection.22.22}{pthread\137mutex\137unlock}{section.22}% 287
\BOOKMARK [2][-]{subsection.22.23}{pthread\137mutex\137timedlock}{section.22}% 288
\BOOKMARK [2][-]{subsection.22.24}{pthread\137mutexattr\137init}{section.22}% 289
\BOOKMARK [2][-]{subsection.22.25}{pthread\137mutexattr\137destroy}{section.22}% 290
\BOOKMARK [2][-]{subsection.22.26}{pthread\137mutexattr\137getpshared}{section.22}% 291
\BOOKMARK [2][-]{subsection.22.27}{pthread\137mutexattr\137setpshared}{section.22}% 292
\BOOKMARK [2][-]{subsection.22.28}{pthread\137mutexattr\137gettype}{section.22}% 293
\BOOKMARK [2][-]{subsection.22.29}{pthread\137mutexattr\137settype}{section.22}% 294
\BOOKMARK [2][-]{subsection.22.30}{pthread\137rwlock\137init}{section.22}% 295
\BOOKMARK [2][-]{subsection.22.31}{pthread\137rwlock\137destroy}{section.22}% 296
\BOOKMARK [2][-]{subsection.22.32}{pthread\137rwlock\137rdlock}{section.22}% 297
\BOOKMARK [2][-]{subsection.22.33}{pthread\137rwlock\137wrlock}{section.22}% 298
\BOOKMARK [2][-]{subsection.22.34}{pthread\137rwlock\137unlock}{section.22}% 299
\BOOKMARK [2][-]{subsection.22.35}{pthread\137rwlock\137tryrdlock}{section.22}% 300
\BOOKMARK [2][-]{subsection.22.36}{pthread\137rwlock\137trywrlock}{section.22}% 301
\BOOKMARK [2][-]{subsection.22.37}{pthread\137rwlockattr\137getpshared}{section.22}% 302
\BOOKMARK [2][-]{subsection.22.38}{pthread\137rwlockattr\137setpshared}{section.22}% 303
\BOOKMARK [2][-]{subsection.22.39}{pthread\137cond\137init}{section.22}% 304
\BOOKMARK [2][-]{subsection.22.40}{pthread\137cond\137destroy}{section.22}% 305
\BOOKMARK [2][-]{subsection.22.41}{pthread\137cond\137wait}{section.22}% 306
\BOOKMARK [2][-]{subsection.22.42}{pthread\137cond\137timedwait}{section.22}% 307
\BOOKMARK [2][-]{subsection.22.43}{pthread\137cond\137signal}{section.22}% 308
\BOOKMARK [2][-]{subsection.22.44}{pthread\137cond\137broadcast}{section.22}% 309
\BOOKMARK [2][-]{subsection.22.45}{pthread\137once}{section.22}% 310
\BOOKMARK [2][-]{subsection.22.46}{pthread\137condattr\137getpshared}{section.22}% 311
\BOOKMARK [2][-]{subsection.22.47}{pthread\137condattr\137setpshared}{section.22}% 312
\BOOKMARK [2][-]{subsection.22.48}{pthread\137key\137create}{section.22}% 313
\BOOKMARK [2][-]{subsection.22.49}{pthread\137setspecific}{section.22}% 314
\BOOKMARK [2][-]{subsection.22.50}{pthread\137getspecific}{section.22}% 315
\BOOKMARK [2][-]{subsection.22.51}{pthread\137cleanup\137push}{section.22}% 316
\BOOKMARK [2][-]{subsection.22.52}{pthread\137cleanup\137pop}{section.22}% 317
\BOOKMARK [2][-]{subsection.22.53}{pthread\137setcancelstate}{section.22}% 318
\BOOKMARK [2][-]{subsection.22.54}{pthread\137setcanceltype}{section.22}% 319
\BOOKMARK [2][-]{subsection.22.55}{pthread\137testcancel}{section.22}% 320
\BOOKMARK [2][-]{subsection.22.56}{pthread\137sigmask}{section.22}% 321
\BOOKMARK [2][-]{subsection.22.57}{sigwait}{section.22}% 322
\BOOKMARK [2][-]{subsection.22.58}{pthread\137kill}{section.22}% 323
\BOOKMARK [2][-]{subsection.22.59}{线程与fork：当线程调用fork时，就为子进程创建了整个地址空间的副本，在子进程内部，只存在一个进程，它是由父进程中调用fork的线程的副本构成的，由于写时复制的原因，除非是fork后立即调用exec，否则父进程和子进程还可以共享内存页，如果父进程中的线程占有锁，那么子进程也将同样占有这些锁，可是子线程并不包含那些占有锁线程的副本}{section.22}% 324
\BOOKMARK [2][-]{subsection.22.60}{pthread\137atfork}{section.22}% 325
\BOOKMARK [1][-]{section.23}{[rgb]0.2,0.4,0.6会话组}{}% 326
\BOOKMARK [2][-]{subsection.23.1}{getpgrp}{section.23}% 327
\BOOKMARK [2][-]{subsection.23.2}{getpgid}{section.23}% 328
\BOOKMARK [2][-]{subsection.23.3}{setpgrp}{section.23}% 329
\BOOKMARK [2][-]{subsection.23.4}{setpgid}{section.23}% 330
\BOOKMARK [2][-]{subsection.23.5}{getsid}{section.23}% 331
\BOOKMARK [2][-]{subsection.23.6}{setsid}{section.23}% 332
\BOOKMARK [2][-]{subsection.23.7}{tcgetpgrp}{section.23}% 333
\BOOKMARK [2][-]{subsection.23.8}{tcsetpgrp}{section.23}% 334
\BOOKMARK [2][-]{subsection.23.9}{tcgetsid}{section.23}% 335
\BOOKMARK [2][-]{subsection.23.10}{getpriority}{section.23}% 336
\BOOKMARK [2][-]{subsection.23.11}{setpriority}{section.23}% 337
\BOOKMARK [2][-]{subsection.23.12}{setutxent}{section.23}% 338
\BOOKMARK [2][-]{subsection.23.13}{endutxent}{section.23}% 339
\BOOKMARK [2][-]{subsection.23.14}{utmpxname}{section.23}% 340
\BOOKMARK [2][-]{subsection.23.15}{getutxent}{section.23}% 341
\BOOKMARK [2][-]{subsection.23.16}{getutxid}{section.23}% 342
\BOOKMARK [2][-]{subsection.23.17}{getutxline}{section.23}% 343
\BOOKMARK [2][-]{subsection.23.18}{pututxline}{section.23}% 344
\BOOKMARK [1][-]{section.24}{[rgb]0.2,0.4,0.6管道}{}% 345
\BOOKMARK [2][-]{subsection.24.1}{pipe}{section.24}% 346
\BOOKMARK [2][-]{subsection.24.2}{popen}{section.24}% 347
\BOOKMARK [2][-]{subsection.24.3}{pclose}{section.24}% 348
\BOOKMARK [2][-]{subsection.24.4}{mkfifo}{section.24}% 349
\BOOKMARK [2][-]{subsection.24.5}{}{section.24}% 350
\BOOKMARK [2][-]{subsection.24.6}{ftok}{section.24}% 351
\BOOKMARK [1][-]{section.25}{[rgb]0.2,0.4,0.6消息队列}{}% 352
\BOOKMARK [2][-]{subsection.25.1}{msgget}{section.25}% 353
\BOOKMARK [2][-]{subsection.25.2}{msgsnd}{section.25}% 354
\BOOKMARK [2][-]{subsection.25.3}{msgrcv}{section.25}% 355
\BOOKMARK [2][-]{subsection.25.4}{msgctl}{section.25}% 356
\BOOKMARK [1][-]{section.26}{[rgb]0.2,0.4,0.6信号量}{}% 357
\BOOKMARK [2][-]{subsection.26.1}{semget}{section.26}% 358
\BOOKMARK [2][-]{subsection.26.2}{semop}{section.26}% 359
\BOOKMARK [2][-]{subsection.26.3}{semctl}{section.26}% 360
\BOOKMARK [1][-]{section.27}{[rgb]0.2,0.4,0.6共享内存}{}% 361
\BOOKMARK [2][-]{subsection.27.1}{shmget}{section.27}% 362
\BOOKMARK [2][-]{subsection.27.2}{shmat}{section.27}% 363
\BOOKMARK [2][-]{subsection.27.3}{shmdt}{section.27}% 364
\BOOKMARK [2][-]{subsection.27.4}{shmctl}{section.27}% 365
\BOOKMARK [2][-]{subsection.27.5}{mmap}{section.27}% 366
\BOOKMARK [2][-]{subsection.27.6}{munmap}{section.27}% 367
\BOOKMARK [2][-]{subsection.27.7}{msync}{section.27}% 368
\BOOKMARK [2][-]{subsection.27.8}{mprotect}{section.27}% 369
\BOOKMARK [1][-]{section.28}{[rgb]0.2,0.4,0.6内存锁}{}% 370
\BOOKMARK [2][-]{subsection.28.1}{mlock}{section.28}% 371
\BOOKMARK [2][-]{subsection.28.2}{munlock}{section.28}% 372
\BOOKMARK [2][-]{subsection.28.3}{mlockall}{section.28}% 373
\BOOKMARK [2][-]{subsection.28.4}{munlockall}{section.28}% 374
\BOOKMARK [2][-]{subsection.28.5}{mincore}{section.28}% 375
\BOOKMARK [2][-]{subsection.28.6}{madvise}{section.28}% 376
\BOOKMARK [1][-]{section.29}{[rgb]0.2,0.4,0.6记录锁}{}% 377
\BOOKMARK [2][-]{subsection.29.1}{flock}{section.29}% 378
\BOOKMARK [2][-]{subsection.29.2}{fcntl}{section.29}% 379
\BOOKMARK [1][-]{section.30}{[rgb]0.2,0.4,0.6套接字}{}% 380
\BOOKMARK [2][-]{subsection.30.1}{socket}{section.30}% 381
\BOOKMARK [2][-]{subsection.30.2}{bind}{section.30}% 382
\BOOKMARK [2][-]{subsection.30.3}{listen}{section.30}% 383
\BOOKMARK [2][-]{subsection.30.4}{accept}{section.30}% 384
\BOOKMARK [2][-]{subsection.30.5}{connect}{section.30}% 385
\BOOKMARK [2][-]{subsection.30.6}{shutdown}{section.30}% 386
\BOOKMARK [2][-]{subsection.30.7}{send}{section.30}% 387
\BOOKMARK [2][-]{subsection.30.8}{recv}{section.30}% 388
\BOOKMARK [2][-]{subsection.30.9}{sendto}{section.30}% 389
\BOOKMARK [2][-]{subsection.30.10}{recvfrom}{section.30}% 390
\BOOKMARK [2][-]{subsection.30.11}{socketpair}{section.30}% 391
\BOOKMARK [2][-]{subsection.30.12}{htons}{section.30}% 392
\BOOKMARK [2][-]{subsection.30.13}{htonl}{section.30}% 393
\BOOKMARK [2][-]{subsection.30.14}{ntohs}{section.30}% 394
\BOOKMARK [2][-]{subsection.30.15}{ntohl}{section.30}% 395
\BOOKMARK [2][-]{subsection.30.16}{inet\137aton}{section.30}% 396
\BOOKMARK [2][-]{subsection.30.17}{inet\137ntoa}{section.30}% 397
\BOOKMARK [2][-]{subsection.30.18}{inet\137pton}{section.30}% 398
\BOOKMARK [2][-]{subsection.30.19}{inet\137ntop}{section.30}% 399
\BOOKMARK [2][-]{subsection.30.20}{sethostent}{section.30}% 400
\BOOKMARK [2][-]{subsection.30.21}{gethostent}{section.30}% 401
\BOOKMARK [2][-]{subsection.30.22}{endhostent}{section.30}% 402
\BOOKMARK [2][-]{subsection.30.23}{getnetbyaddr}{section.30}% 403
\BOOKMARK [2][-]{subsection.30.24}{getnetbyname}{section.30}% 404
\BOOKMARK [2][-]{subsection.30.25}{setnentent}{section.30}% 405
\BOOKMARK [2][-]{subsection.30.26}{getnetent}{section.30}% 406
\BOOKMARK [2][-]{subsection.30.27}{endnetent}{section.30}% 407
\BOOKMARK [2][-]{subsection.30.28}{getprotobyname}{section.30}% 408
\BOOKMARK [2][-]{subsection.30.29}{getprotobynumber}{section.30}% 409
\BOOKMARK [2][-]{subsection.30.30}{setprotoent}{section.30}% 410
\BOOKMARK [2][-]{subsection.30.31}{getprotoent}{section.30}% 411
\BOOKMARK [2][-]{subsection.30.32}{endprotoent}{section.30}% 412
\BOOKMARK [2][-]{subsection.30.33}{getservbyname}{section.30}% 413
\BOOKMARK [2][-]{subsection.30.34}{getservbyport}{section.30}% 414
\BOOKMARK [2][-]{subsection.30.35}{setservent}{section.30}% 415
\BOOKMARK [2][-]{subsection.30.36}{getservent}{section.30}% 416
\BOOKMARK [2][-]{subsection.30.37}{endservent}{section.30}% 417
\BOOKMARK [2][-]{subsection.30.38}{getaddrinfo}{section.30}% 418
\BOOKMARK [2][-]{subsection.30.39}{freeaddrinfo}{section.30}% 419
\BOOKMARK [2][-]{subsection.30.40}{gai\137strerror}{section.30}% 420
\BOOKMARK [2][-]{subsection.30.41}{getnameinfo}{section.30}% 421
\BOOKMARK [2][-]{subsection.30.42}{getservbyhost}{section.30}% 422
\BOOKMARK [2][-]{subsection.30.43}{gethostbyname}{section.30}% 423
\BOOKMARK [2][-]{subsection.30.44}{gethostbyaddr}{section.30}% 424
\BOOKMARK [2][-]{subsection.30.45}{sendfile}{section.30}% 425
\BOOKMARK [2][-]{subsection.30.46}{getsockname}{section.30}% 426
\BOOKMARK [2][-]{subsection.30.47}{getpeername}{section.30}% 427
\BOOKMARK [2][-]{subsection.30.48}{getsockopt}{section.30}% 428
\BOOKMARK [2][-]{subsection.30.49}{setsockopt}{section.30}% 429
\BOOKMARK [2][-]{subsection.30.50}{sendmsg}{section.30}% 430
\BOOKMARK [2][-]{subsection.30.51}{recvmsg}{section.30}% 431
\BOOKMARK [2][-]{subsection.30.52}{CMSG\137LEN}{section.30}% 432
\BOOKMARK [2][-]{subsection.30.53}{CMSG\137NXTHDR}{section.30}% 433
\BOOKMARK [2][-]{subsection.30.54}{CMSG\137FIRSTHDR}{section.30}% 434
\BOOKMARK [2][-]{subsection.30.55}{CMSG\137DATA}{section.30}% 435
\BOOKMARK [1][-]{section.31}{[rgb]0.2,0.4,0.6终端设置}{}% 436
\BOOKMARK [2][-]{subsection.31.1}{ioctl}{section.31}% 437
\BOOKMARK [2][-]{subsection.31.2}{tcgetattr}{section.31}% 438
\BOOKMARK [2][-]{subsection.31.3}{tcsetattr}{section.31}% 439
\BOOKMARK [2][-]{subsection.31.4}{ioctl}{section.31}% 440
\BOOKMARK [2][-]{subsection.31.5}{ctermid}{section.31}% 441
\BOOKMARK [2][-]{subsection.31.6}{isatty}{section.31}% 442
\BOOKMARK [2][-]{subsection.31.7}{ttyname}{section.31}% 443
\BOOKMARK [1][-]{section.32}{[rgb]0.2,0.4,0.6IO多路复用}{}% 444
\BOOKMARK [2][-]{subsection.32.1}{select}{section.32}% 445
\BOOKMARK [2][-]{subsection.32.2}{pselect}{section.32}% 446
\BOOKMARK [2][-]{subsection.32.3}{FD\137ISSET}{section.32}% 447
\BOOKMARK [2][-]{subsection.32.4}{FD\137CLR}{section.32}% 448
\BOOKMARK [2][-]{subsection.32.5}{FD\137SET}{section.32}% 449
\BOOKMARK [2][-]{subsection.32.6}{FD\137ZERO}{section.32}% 450
\BOOKMARK [2][-]{subsection.32.7}{poll}{section.32}% 451
\BOOKMARK [2][-]{subsection.32.8}{fcntl}{section.32}% 452
\BOOKMARK [2][-]{subsection.32.9}{}{section.32}% 453
